八月 21, 2015 1:26:24 上午 org.apache.catalina.core.AprLifecycleListener init
資訊: Loaded APR based Apache Tomcat Native library 1.1.27 using APR version 1.4.6.
八月 21, 2015 1:26:24 上午 org.apache.catalina.core.AprLifecycleListener init
資訊: APR capabilities: IPv6 [true], sendfile [true], accept filters [false], random [true].
八月 21, 2015 1:26:25 上午 org.apache.catalina.core.AprLifecycleListener initializeSSL
資訊: OpenSSL successfully initialized (OpenSSL 1.0.1d 5 Feb 2013)
八月 21, 2015 1:26:25 上午 org.apache.coyote.AbstractProtocol init
資訊: Initializing ProtocolHandler ["http-apr-8080"]
八月 21, 2015 1:26:25 上午 org.apache.coyote.AbstractProtocol init
資訊: Initializing ProtocolHandler ["ajp-apr-8009"]
八月 21, 2015 1:26:25 上午 org.apache.catalina.startup.Catalina load
資訊: Initialization processed in 1800 ms
八月 21, 2015 1:26:25 上午 org.apache.catalina.core.StandardService startInternal
資訊: Starting service Catalina
八月 21, 2015 1:26:25 上午 org.apache.catalina.core.StandardEngine startInternal
資訊: Starting Servlet Engine: Apache Tomcat/7.0.42
八月 21, 2015 1:26:25 上午 org.apache.catalina.startup.HostConfig deployWAR
資訊: Deploying web application archive E:\Tomcat7\webapps\IBTWeb.war
八月 21, 2015 1:26:28 上午 org.apache.catalina.startup.TaglibUriRule body
資訊: TLD skipped. URI: http://jakarta.apache.org/struts/tags-html-1.0.2 is already defined
八月 21, 2015 1:26:28 上午 org.apache.catalina.startup.TaglibUriRule body
資訊: TLD skipped. URI: http://jakarta.apache.org/struts/tags-html-1.0.2 is already defined
八月 21, 2015 1:26:28 上午 org.apache.catalina.startup.TaglibUriRule body
資訊: TLD skipped. URI: http://jakarta.apache.org/struts/tags-html-1.0.2 is already defined
八月 21, 2015 1:26:29 上午 org.apache.catalina.util.SessionIdGenerator createSecureRandom
資訊: Creation of SecureRandom instance for session ID generation using [SHA1PRNG] took [164] milliseconds.
八月 21, 2015 1:26:29 上午 org.apache.catalina.startup.HostConfig deployDirectory
資訊: Deploying web application directory E:\Tomcat7\webapps\docs
八月 21, 2015 1:26:29 上午 org.apache.catalina.startup.HostConfig deployDirectory
資訊: Deploying web application directory E:\Tomcat7\webapps\examples
八月 21, 2015 1:26:29 上午 org.apache.catalina.startup.HostConfig deployDirectory
資訊: Deploying web application directory E:\Tomcat7\webapps\host-manager
八月 21, 2015 1:26:29 上午 org.apache.catalina.startup.HostConfig deployDirectory
資訊: Deploying web application directory E:\Tomcat7\webapps\manager
八月 21, 2015 1:26:29 上午 org.apache.catalina.startup.HostConfig deployDirectory
資訊: Deploying web application directory E:\Tomcat7\webapps\ROOT
八月 21, 2015 1:26:29 上午 org.apache.coyote.AbstractProtocol start
資訊: Starting ProtocolHandler ["http-apr-8080"]
八月 21, 2015 1:26:29 上午 org.apache.coyote.AbstractProtocol start
資訊: Starting ProtocolHandler ["ajp-apr-8009"]
八月 21, 2015 1:26:29 上午 org.apache.catalina.startup.Catalina start
資訊: Server startup in 3734 ms
八月 21, 2015 1:27:01 上午 org.apache.coyote.AbstractProtocol pause
資訊: Pausing ProtocolHandler ["http-apr-8080"]
八月 21, 2015 1:27:01 上午 org.apache.coyote.AbstractProtocol pause
資訊: Pausing ProtocolHandler ["ajp-apr-8009"]
八月 21, 2015 1:27:01 上午 org.apache.catalina.core.StandardService stopInternal
資訊: Stopping service Catalina
八月 21, 2015 1:27:02 上午 org.apache.catalina.loader.WebappClassLoader clearReferencesThreads
嚴重: The web application [/IBTWeb] appears to have started a thread named [DefaultQuartzScheduler_Worker-1] but has failed to stop it. This is very likely to create a memory leak.
八月 21, 2015 1:27:02 上午 org.apache.catalina.loader.WebappClassLoader clearReferencesThreads
嚴重: The web application [/IBTWeb] appears to have started a thread named [DefaultQuartzScheduler_Worker-2] but has failed to stop it. This is very likely to create a memory leak.
八月 21, 2015 1:27:02 上午 org.apache.catalina.loader.WebappClassLoader clearReferencesThreads
嚴重: The web application [/IBTWeb] appears to have started a thread named [DefaultQuartzScheduler_Worker-3] but has failed to stop it. This is very likely to create a memory leak.
八月 21, 2015 1:27:02 上午 org.apache.catalina.loader.WebappClassLoader clearReferencesThreads
嚴重: The web application [/IBTWeb] appears to have started a thread named [DefaultQuartzScheduler_Worker-4] but has failed to stop it. This is very likely to create a memory leak.
八月 21, 2015 1:27:02 上午 org.apache.catalina.loader.WebappClassLoader clearReferencesThreads
嚴重: The web application [/IBTWeb] appears to have started a thread named [DefaultQuartzScheduler_Worker-5] but has failed to stop it. This is very likely to create a memory leak.
八月 21, 2015 1:27:02 上午 org.apache.catalina.loader.WebappClassLoader clearReferencesThreads
嚴重: The web application [/IBTWeb] appears to have started a thread named [DefaultQuartzScheduler_Worker-6] but has failed to stop it. This is very likely to create a memory leak.
八月 21, 2015 1:27:02 上午 org.apache.catalina.loader.WebappClassLoader clearReferencesThreads
嚴重: The web application [/IBTWeb] appears to have started a thread named [DefaultQuartzScheduler_Worker-7] but has failed to stop it. This is very likely to create a memory leak.
八月 21, 2015 1:27:02 上午 org.apache.catalina.loader.WebappClassLoader clearReferencesThreads
嚴重: The web application [/IBTWeb] appears to have started a thread named [DefaultQuartzScheduler_Worker-8] but has failed to stop it. This is very likely to create a memory leak.
八月 21, 2015 1:27:02 上午 org.apache.catalina.loader.WebappClassLoader clearReferencesThreads
嚴重: The web application [/IBTWeb] appears to have started a thread named [DefaultQuartzScheduler_Worker-9] but has failed to stop it. This is very likely to create a memory leak.
八月 21, 2015 1:27:02 上午 org.apache.catalina.loader.WebappClassLoader clearReferencesThreads
嚴重: The web application [/IBTWeb] appears to have started a thread named [DefaultQuartzScheduler_Worker-10] but has failed to stop it. This is very likely to create a memory leak.
八月 21, 2015 1:27:02 上午 org.apache.catalina.loader.WebappClassLoader clearReferencesThreads
嚴重: The web application [/IBTWeb] appears to have started a thread named [DefaultQuartzScheduler_QuartzSchedulerThread] but has failed to stop it. This is very likely to create a memory leak.
八月 21, 2015 1:27:02 上午 org.apache.coyote.AbstractProtocol stop
資訊: Stopping ProtocolHandler ["http-apr-8080"]
八月 21, 2015 1:27:02 上午 org.apache.coyote.AbstractProtocol stop
資訊: Stopping ProtocolHandler ["ajp-apr-8009"]
八月 21, 2015 1:36:51 上午 org.apache.catalina.core.AprLifecycleListener init
資訊: Loaded APR based Apache Tomcat Native library 1.1.27 using APR version 1.4.6.
八月 21, 2015 1:36:51 上午 org.apache.catalina.core.AprLifecycleListener init
資訊: APR capabilities: IPv6 [true], sendfile [true], accept filters [false], random [true].
八月 21, 2015 1:36:52 上午 org.apache.catalina.core.AprLifecycleListener initializeSSL
資訊: OpenSSL successfully initialized (OpenSSL 1.0.1d 5 Feb 2013)
八月 21, 2015 1:36:53 上午 org.apache.coyote.AbstractProtocol init
資訊: Initializing ProtocolHandler ["http-apr-8080"]
八月 21, 2015 1:36:53 上午 org.apache.coyote.AbstractProtocol init
資訊: Initializing ProtocolHandler ["ajp-apr-8009"]
八月 21, 2015 1:36:53 上午 org.apache.catalina.startup.Catalina load
資訊: Initialization processed in 1493 ms
八月 21, 2015 1:36:53 上午 org.apache.catalina.core.StandardService startInternal
資訊: Starting service Catalina
八月 21, 2015 1:36:53 上午 org.apache.catalina.core.StandardEngine startInternal
資訊: Starting Servlet Engine: Apache Tomcat/7.0.42
八月 21, 2015 1:36:53 上午 org.apache.catalina.startup.HostConfig deployDirectory
資訊: Deploying web application directory E:\Tomcat7\webapps\docs
八月 21, 2015 1:36:53 上午 org.apache.catalina.util.SessionIdGenerator createSecureRandom
資訊: Creation of SecureRandom instance for session ID generation using [SHA1PRNG] took [152] milliseconds.
八月 21, 2015 1:36:53 上午 org.apache.catalina.startup.HostConfig deployDirectory
資訊: Deploying web application directory E:\Tomcat7\webapps\examples
八月 21, 2015 1:36:53 上午 org.apache.catalina.startup.HostConfig deployDirectory
資訊: Deploying web application directory E:\Tomcat7\webapps\host-manager
八月 21, 2015 1:36:53 上午 org.apache.catalina.startup.HostConfig deployDirectory
資訊: Deploying web application directory E:\Tomcat7\webapps\manager
八月 21, 2015 1:36:53 上午 org.apache.catalina.startup.HostConfig deployDirectory
資訊: Deploying web application directory E:\Tomcat7\webapps\ROOT
八月 21, 2015 1:36:53 上午 org.apache.coyote.AbstractProtocol start
資訊: Starting ProtocolHandler ["http-apr-8080"]
八月 21, 2015 1:36:53 上午 org.apache.coyote.AbstractProtocol start
資訊: Starting ProtocolHandler ["ajp-apr-8009"]
八月 21, 2015 1:36:53 上午 org.apache.catalina.startup.Catalina start
資訊: Server startup in 794 ms
八月 21, 2015 1:37:32 上午 org.apache.coyote.AbstractProtocol pause
資訊: Pausing ProtocolHandler ["http-apr-8080"]
八月 21, 2015 1:37:32 上午 org.apache.coyote.AbstractProtocol pause
資訊: Pausing ProtocolHandler ["ajp-apr-8009"]
八月 21, 2015 1:37:33 上午 org.apache.catalina.core.StandardService stopInternal
資訊: Stopping service Catalina
八月 21, 2015 1:37:33 上午 org.apache.coyote.AbstractProtocol stop
資訊: Stopping ProtocolHandler ["http-apr-8080"]
八月 21, 2015 1:37:33 上午 org.apache.coyote.AbstractProtocol stop
資訊: Stopping ProtocolHandler ["ajp-apr-8009"]
八月 21, 2015 1:37:48 上午 org.apache.catalina.core.AprLifecycleListener init
資訊: Loaded APR based Apache Tomcat Native library 1.1.27 using APR version 1.4.6.
八月 21, 2015 1:37:48 上午 org.apache.catalina.core.AprLifecycleListener init
資訊: APR capabilities: IPv6 [true], sendfile [true], accept filters [false], random [true].
八月 21, 2015 1:37:49 上午 org.apache.catalina.core.AprLifecycleListener initializeSSL
資訊: OpenSSL successfully initialized (OpenSSL 1.0.1d 5 Feb 2013)
八月 21, 2015 1:37:49 上午 org.apache.coyote.AbstractProtocol init
資訊: Initializing ProtocolHandler ["http-apr-8080"]
八月 21, 2015 1:37:49 上午 org.apache.coyote.AbstractProtocol init
資訊: Initializing ProtocolHandler ["ajp-apr-8009"]
八月 21, 2015 1:37:49 上午 org.apache.catalina.startup.Catalina load
資訊: Initialization processed in 1558 ms
八月 21, 2015 1:37:49 上午 org.apache.catalina.core.StandardService startInternal
資訊: Starting service Catalina
八月 21, 2015 1:37:49 上午 org.apache.catalina.core.StandardEngine startInternal
資訊: Starting Servlet Engine: Apache Tomcat/7.0.42
八月 21, 2015 1:37:49 上午 org.apache.catalina.startup.HostConfig deployDirectory
資訊: Deploying web application directory E:\Tomcat7\webapps\docs
八月 21, 2015 1:37:49 上午 org.apache.catalina.util.SessionIdGenerator createSecureRandom
資訊: Creation of SecureRandom instance for session ID generation using [SHA1PRNG] took [164] milliseconds.
八月 21, 2015 1:37:49 上午 org.apache.catalina.startup.HostConfig deployDirectory
資訊: Deploying web application directory E:\Tomcat7\webapps\examples
八月 21, 2015 1:37:50 上午 org.apache.catalina.startup.HostConfig deployDirectory
資訊: Deploying web application directory E:\Tomcat7\webapps\host-manager
八月 21, 2015 1:37:50 上午 org.apache.catalina.startup.HostConfig deployDirectory
資訊: Deploying web application directory E:\Tomcat7\webapps\manager
八月 21, 2015 1:37:50 上午 org.apache.catalina.startup.HostConfig deployDirectory
資訊: Deploying web application directory E:\Tomcat7\webapps\ROOT
八月 21, 2015 1:37:50 上午 org.apache.coyote.AbstractProtocol start
資訊: Starting ProtocolHandler ["http-apr-8080"]
八月 21, 2015 1:37:50 上午 org.apache.coyote.AbstractProtocol start
資訊: Starting ProtocolHandler ["ajp-apr-8009"]
八月 21, 2015 1:37:50 上午 org.apache.catalina.startup.Catalina start
資訊: Server startup in 821 ms
八月 21, 2015 1:38:49 上午 org.apache.coyote.AbstractProtocol pause
資訊: Pausing ProtocolHandler ["http-apr-8080"]
八月 21, 2015 1:38:49 上午 org.apache.coyote.AbstractProtocol pause
資訊: Pausing ProtocolHandler ["ajp-apr-8009"]
八月 21, 2015 1:38:49 上午 org.apache.catalina.core.StandardService stopInternal
資訊: Stopping service Catalina
八月 21, 2015 1:38:49 上午 org.apache.coyote.AbstractProtocol stop
資訊: Stopping ProtocolHandler ["http-apr-8080"]
八月 21, 2015 1:38:49 上午 org.apache.coyote.AbstractProtocol stop
資訊: Stopping ProtocolHandler ["ajp-apr-8009"]
八月 21, 2015 1:39:10 上午 org.apache.catalina.core.AprLifecycleListener init
資訊: Loaded APR based Apache Tomcat Native library 1.1.27 using APR version 1.4.6.
八月 21, 2015 1:39:10 上午 org.apache.catalina.core.AprLifecycleListener init
資訊: APR capabilities: IPv6 [true], sendfile [true], accept filters [false], random [true].
八月 21, 2015 1:39:11 上午 org.apache.catalina.core.AprLifecycleListener initializeSSL
資訊: OpenSSL successfully initialized (OpenSSL 1.0.1d 5 Feb 2013)
八月 21, 2015 1:39:11 上午 org.apache.coyote.AbstractProtocol init
資訊: Initializing ProtocolHandler ["http-apr-8080"]
八月 21, 2015 1:39:11 上午 org.apache.coyote.AbstractProtocol init
資訊: Initializing ProtocolHandler ["ajp-apr-8009"]
八月 21, 2015 1:39:11 上午 org.apache.catalina.startup.Catalina load
資訊: Initialization processed in 1489 ms
八月 21, 2015 1:39:11 上午 org.apache.catalina.core.StandardService startInternal
資訊: Starting service Catalina
八月 21, 2015 1:39:11 上午 org.apache.catalina.core.StandardEngine startInternal
資訊: Starting Servlet Engine: Apache Tomcat/7.0.42
八月 21, 2015 1:39:11 上午 org.apache.catalina.startup.HostConfig deployDirectory
資訊: Deploying web application directory E:\Tomcat7\webapps\docs
八月 21, 2015 1:39:12 上午 org.apache.catalina.util.SessionIdGenerator createSecureRandom
資訊: Creation of SecureRandom instance for session ID generation using [SHA1PRNG] took [158] milliseconds.
八月 21, 2015 1:39:12 上午 org.apache.catalina.startup.HostConfig deployDirectory
資訊: Deploying web application directory E:\Tomcat7\webapps\examples
八月 21, 2015 1:39:12 上午 org.apache.catalina.startup.HostConfig deployDirectory
資訊: Deploying web application directory E:\Tomcat7\webapps\host-manager
八月 21, 2015 1:39:12 上午 org.apache.catalina.startup.HostConfig deployDirectory
資訊: Deploying web application directory E:\Tomcat7\webapps\manager
八月 21, 2015 1:39:12 上午 org.apache.catalina.startup.HostConfig deployDirectory
資訊: Deploying web application directory E:\Tomcat7\webapps\ROOT
八月 21, 2015 1:39:12 上午 org.apache.coyote.AbstractProtocol start
資訊: Starting ProtocolHandler ["http-apr-8080"]
八月 21, 2015 1:39:12 上午 org.apache.coyote.AbstractProtocol start
資訊: Starting ProtocolHandler ["ajp-apr-8009"]
八月 21, 2015 1:39:12 上午 org.apache.catalina.startup.Catalina start
資訊: Server startup in 794 ms
八月 21, 2015 1:40:01 上午 org.apache.coyote.AbstractProtocol pause
資訊: Pausing ProtocolHandler ["http-apr-8080"]
八月 21, 2015 1:40:01 上午 org.apache.coyote.AbstractProtocol pause
資訊: Pausing ProtocolHandler ["ajp-apr-8009"]
八月 21, 2015 1:40:01 上午 org.apache.catalina.core.StandardService stopInternal
資訊: Stopping service Catalina
八月 21, 2015 1:40:01 上午 org.apache.coyote.AbstractProtocol stop
資訊: Stopping ProtocolHandler ["http-apr-8080"]
八月 21, 2015 1:40:01 上午 org.apache.coyote.AbstractProtocol stop
資訊: Stopping ProtocolHandler ["ajp-apr-8009"]
八月 21, 2015 1:40:26 上午 org.apache.catalina.core.AprLifecycleListener init
資訊: Loaded APR based Apache Tomcat Native library 1.1.27 using APR version 1.4.6.
八月 21, 2015 1:40:26 上午 org.apache.catalina.core.AprLifecycleListener init
資訊: APR capabilities: IPv6 [true], sendfile [true], accept filters [false], random [true].
八月 21, 2015 1:40:27 上午 org.apache.catalina.core.AprLifecycleListener initializeSSL
資訊: OpenSSL successfully initialized (OpenSSL 1.0.1d 5 Feb 2013)
八月 21, 2015 1:40:27 上午 org.apache.coyote.AbstractProtocol init
資訊: Initializing ProtocolHandler ["http-apr-8080"]
八月 21, 2015 1:40:27 上午 org.apache.coyote.AbstractProtocol init
資訊: Initializing ProtocolHandler ["ajp-apr-8009"]
八月 21, 2015 1:40:27 上午 org.apache.catalina.startup.Catalina load
資訊: Initialization processed in 1491 ms
八月 21, 2015 1:40:27 上午 org.apache.catalina.core.StandardService startInternal
資訊: Starting service Catalina
八月 21, 2015 1:40:27 上午 org.apache.catalina.core.StandardEngine startInternal
資訊: Starting Servlet Engine: Apache Tomcat/7.0.42
八月 21, 2015 1:40:27 上午 org.apache.catalina.startup.HostConfig deployDirectory
資訊: Deploying web application directory E:\Tomcat7\webapps\docs
八月 21, 2015 1:40:27 上午 org.apache.catalina.util.SessionIdGenerator createSecureRandom
資訊: Creation of SecureRandom instance for session ID generation using [SHA1PRNG] took [159] milliseconds.
八月 21, 2015 1:40:27 上午 org.apache.catalina.startup.HostConfig deployDirectory
資訊: Deploying web application directory E:\Tomcat7\webapps\examples
八月 21, 2015 1:40:28 上午 org.apache.catalina.startup.HostConfig deployDirectory
資訊: Deploying web application directory E:\Tomcat7\webapps\host-manager
八月 21, 2015 1:40:28 上午 org.apache.catalina.startup.HostConfig deployDirectory
資訊: Deploying web application directory E:\Tomcat7\webapps\manager
八月 21, 2015 1:40:28 上午 org.apache.catalina.startup.HostConfig deployDirectory
資訊: Deploying web application directory E:\Tomcat7\webapps\ROOT
八月 21, 2015 1:40:28 上午 org.apache.coyote.AbstractProtocol start
資訊: Starting ProtocolHandler ["http-apr-8080"]
八月 21, 2015 1:40:28 上午 org.apache.coyote.AbstractProtocol start
資訊: Starting ProtocolHandler ["ajp-apr-8009"]
八月 21, 2015 1:40:28 上午 org.apache.catalina.startup.Catalina start
資訊: Server startup in 814 ms
八月 21, 2015 1:42:57 上午 org.apache.coyote.AbstractProtocol pause
資訊: Pausing ProtocolHandler ["http-apr-8080"]
八月 21, 2015 1:42:57 上午 org.apache.coyote.AbstractProtocol pause
資訊: Pausing ProtocolHandler ["ajp-apr-8009"]
八月 21, 2015 1:42:57 上午 org.apache.catalina.core.StandardService stopInternal
資訊: Stopping service Catalina
八月 21, 2015 1:42:57 上午 org.apache.coyote.AbstractProtocol stop
資訊: Stopping ProtocolHandler ["http-apr-8080"]
八月 21, 2015 1:42:57 上午 org.apache.coyote.AbstractProtocol stop
資訊: Stopping ProtocolHandler ["ajp-apr-8009"]
八月 21, 2015 1:43:20 上午 org.apache.catalina.core.AprLifecycleListener init
資訊: Loaded APR based Apache Tomcat Native library 1.1.27 using APR version 1.4.6.
八月 21, 2015 1:43:20 上午 org.apache.catalina.core.AprLifecycleListener init
資訊: APR capabilities: IPv6 [true], sendfile [true], accept filters [false], random [true].
八月 21, 2015 1:43:21 上午 org.apache.catalina.core.AprLifecycleListener initializeSSL
資訊: OpenSSL successfully initialized (OpenSSL 1.0.1d 5 Feb 2013)
八月 21, 2015 1:43:21 上午 org.apache.coyote.AbstractProtocol init
資訊: Initializing ProtocolHandler ["http-apr-8080"]
八月 21, 2015 1:43:21 上午 org.apache.coyote.AbstractProtocol init
資訊: Initializing ProtocolHandler ["ajp-apr-8009"]
八月 21, 2015 1:43:21 上午 org.apache.catalina.startup.Catalina load
資訊: Initialization processed in 1541 ms
八月 21, 2015 1:43:21 上午 org.apache.catalina.core.StandardService startInternal
資訊: Starting service Catalina
八月 21, 2015 1:43:21 上午 org.apache.catalina.core.StandardEngine startInternal
資訊: Starting Servlet Engine: Apache Tomcat/7.0.42
八月 21, 2015 1:43:21 上午 org.apache.catalina.startup.HostConfig deployDirectory
資訊: Deploying web application directory E:\Tomcat7\webapps\docs
八月 21, 2015 1:43:21 上午 org.apache.catalina.util.SessionIdGenerator createSecureRandom
資訊: Creation of SecureRandom instance for session ID generation using [SHA1PRNG] took [161] milliseconds.
八月 21, 2015 1:43:21 上午 org.apache.catalina.startup.HostConfig deployDirectory
資訊: Deploying web application directory E:\Tomcat7\webapps\examples
八月 21, 2015 1:43:22 上午 org.apache.catalina.startup.HostConfig deployDirectory
資訊: Deploying web application directory E:\Tomcat7\webapps\host-manager
八月 21, 2015 1:43:22 上午 org.apache.catalina.startup.HostConfig deployDirectory
資訊: Deploying web application directory E:\Tomcat7\webapps\manager
八月 21, 2015 1:43:22 上午 org.apache.catalina.startup.HostConfig deployDirectory
資訊: Deploying web application directory E:\Tomcat7\webapps\ROOT
八月 21, 2015 1:43:22 上午 org.apache.coyote.AbstractProtocol start
資訊: Starting ProtocolHandler ["http-apr-8080"]
八月 21, 2015 1:43:22 上午 org.apache.coyote.AbstractProtocol start
資訊: Starting ProtocolHandler ["ajp-apr-8009"]
八月 21, 2015 1:43:22 上午 org.apache.catalina.startup.Catalina start
資訊: Server startup in 834 ms
八月 21, 2015 1:44:40 上午 org.apache.coyote.AbstractProtocol pause
資訊: Pausing ProtocolHandler ["http-apr-8080"]
八月 21, 2015 1:44:40 上午 org.apache.coyote.AbstractProtocol pause
資訊: Pausing ProtocolHandler ["ajp-apr-8009"]
八月 21, 2015 1:44:40 上午 org.apache.catalina.core.StandardService stopInternal
資訊: Stopping service Catalina
八月 21, 2015 1:44:40 上午 org.apache.coyote.AbstractProtocol stop
資訊: Stopping ProtocolHandler ["http-apr-8080"]
八月 21, 2015 1:44:40 上午 org.apache.coyote.AbstractProtocol stop
資訊: Stopping ProtocolHandler ["ajp-apr-8009"]
八月 21, 2015 1:45:01 上午 org.apache.catalina.core.AprLifecycleListener init
資訊: Loaded APR based Apache Tomcat Native library 1.1.27 using APR version 1.4.6.
八月 21, 2015 1:45:01 上午 org.apache.catalina.core.AprLifecycleListener init
資訊: APR capabilities: IPv6 [true], sendfile [true], accept filters [false], random [true].
八月 21, 2015 1:45:02 上午 org.apache.catalina.core.AprLifecycleListener initializeSSL
資訊: OpenSSL successfully initialized (OpenSSL 1.0.1d 5 Feb 2013)
八月 21, 2015 1:45:02 上午 org.apache.coyote.AbstractProtocol init
資訊: Initializing ProtocolHandler ["http-apr-8080"]
八月 21, 2015 1:45:02 上午 org.apache.coyote.AbstractProtocol init
資訊: Initializing ProtocolHandler ["ajp-apr-8009"]
八月 21, 2015 1:45:02 上午 org.apache.catalina.startup.Catalina load
資訊: Initialization processed in 1542 ms
八月 21, 2015 1:45:02 上午 org.apache.catalina.core.StandardService startInternal
資訊: Starting service Catalina
八月 21, 2015 1:45:02 上午 org.apache.catalina.core.StandardEngine startInternal
資訊: Starting Servlet Engine: Apache Tomcat/7.0.42
八月 21, 2015 1:45:02 上午 org.apache.catalina.startup.HostConfig deployDirectory
資訊: Deploying web application directory E:\Tomcat7\webapps\docs
八月 21, 2015 1:45:03 上午 org.apache.catalina.util.SessionIdGenerator createSecureRandom
資訊: Creation of SecureRandom instance for session ID generation using [SHA1PRNG] took [156] milliseconds.
八月 21, 2015 1:45:03 上午 org.apache.catalina.startup.HostConfig deployDirectory
資訊: Deploying web application directory E:\Tomcat7\webapps\examples
八月 21, 2015 1:45:03 上午 org.apache.catalina.startup.HostConfig deployDirectory
資訊: Deploying web application directory E:\Tomcat7\webapps\host-manager
八月 21, 2015 1:45:03 上午 org.apache.catalina.startup.HostConfig deployDirectory
資訊: Deploying web application directory E:\Tomcat7\webapps\manager
八月 21, 2015 1:45:03 上午 org.apache.catalina.startup.HostConfig deployDirectory
資訊: Deploying web application directory E:\Tomcat7\webapps\ROOT
八月 21, 2015 1:45:03 上午 org.apache.coyote.AbstractProtocol start
資訊: Starting ProtocolHandler ["http-apr-8080"]
八月 21, 2015 1:45:03 上午 org.apache.coyote.AbstractProtocol start
資訊: Starting ProtocolHandler ["ajp-apr-8009"]
八月 21, 2015 1:45:03 上午 org.apache.catalina.startup.Catalina start
資訊: Server startup in 807 ms
八月 21, 2015 1:45:37 上午 org.apache.coyote.AbstractProtocol pause
資訊: Pausing ProtocolHandler ["http-apr-8080"]
八月 21, 2015 1:45:38 上午 org.apache.coyote.AbstractProtocol pause
資訊: Pausing ProtocolHandler ["ajp-apr-8009"]
八月 21, 2015 1:45:38 上午 org.apache.catalina.core.StandardService stopInternal
資訊: Stopping service Catalina
八月 21, 2015 1:45:38 上午 org.apache.coyote.AbstractProtocol stop
資訊: Stopping ProtocolHandler ["http-apr-8080"]
八月 21, 2015 1:45:38 上午 org.apache.coyote.AbstractProtocol stop
資訊: Stopping ProtocolHandler ["ajp-apr-8009"]
八月 21, 2015 1:45:51 上午 org.apache.catalina.core.AprLifecycleListener init
資訊: Loaded APR based Apache Tomcat Native library 1.1.27 using APR version 1.4.6.
八月 21, 2015 1:45:51 上午 org.apache.catalina.core.AprLifecycleListener init
資訊: APR capabilities: IPv6 [true], sendfile [true], accept filters [false], random [true].
八月 21, 2015 1:45:52 上午 org.apache.catalina.core.AprLifecycleListener initializeSSL
資訊: OpenSSL successfully initialized (OpenSSL 1.0.1d 5 Feb 2013)
八月 21, 2015 1:45:52 上午 org.apache.coyote.AbstractProtocol init
資訊: Initializing ProtocolHandler ["http-apr-8080"]
八月 21, 2015 1:45:52 上午 org.apache.coyote.AbstractProtocol init
資訊: Initializing ProtocolHandler ["ajp-apr-8009"]
八月 21, 2015 1:45:52 上午 org.apache.catalina.startup.Catalina load
資訊: Initialization processed in 1474 ms
八月 21, 2015 1:45:52 上午 org.apache.catalina.core.StandardService startInternal
資訊: Starting service Catalina
八月 21, 2015 1:45:52 上午 org.apache.catalina.core.StandardEngine startInternal
資訊: Starting Servlet Engine: Apache Tomcat/7.0.42
八月 21, 2015 1:45:52 上午 org.apache.catalina.startup.HostConfig deployDirectory
資訊: Deploying web application directory E:\Tomcat7\webapps\docs
八月 21, 2015 1:45:52 上午 org.apache.catalina.util.SessionIdGenerator createSecureRandom
資訊: Creation of SecureRandom instance for session ID generation using [SHA1PRNG] took [161] milliseconds.
八月 21, 2015 1:45:52 上午 org.apache.catalina.startup.HostConfig deployDirectory
資訊: Deploying web application directory E:\Tomcat7\webapps\examples
八月 21, 2015 1:45:52 上午 org.apache.catalina.startup.HostConfig deployDirectory
資訊: Deploying web application directory E:\Tomcat7\webapps\host-manager
八月 21, 2015 1:45:52 上午 org.apache.catalina.startup.HostConfig deployDirectory
資訊: Deploying web application directory E:\Tomcat7\webapps\manager
八月 21, 2015 1:45:53 上午 org.apache.catalina.startup.HostConfig deployDirectory
資訊: Deploying web application directory E:\Tomcat7\webapps\ROOT
八月 21, 2015 1:45:53 上午 org.apache.coyote.AbstractProtocol start
資訊: Starting ProtocolHandler ["http-apr-8080"]
八月 21, 2015 1:45:53 上午 org.apache.coyote.AbstractProtocol start
資訊: Starting ProtocolHandler ["ajp-apr-8009"]
八月 21, 2015 1:45:53 上午 org.apache.catalina.startup.Catalina start
資訊: Server startup in 816 ms
八月 21, 2015 2:37:17 上午 org.apache.coyote.AbstractProtocol pause
資訊: Pausing ProtocolHandler ["http-apr-8080"]
八月 21, 2015 2:37:17 上午 org.apache.coyote.AbstractProtocol pause
資訊: Pausing ProtocolHandler ["ajp-apr-8009"]
八月 21, 2015 2:37:17 上午 org.apache.catalina.core.StandardService stopInternal
資訊: Stopping service Catalina
八月 21, 2015 2:37:17 上午 org.apache.coyote.AbstractProtocol stop
資訊: Stopping ProtocolHandler ["http-apr-8080"]
八月 21, 2015 2:37:18 上午 org.apache.coyote.AbstractProtocol stop
資訊: Stopping ProtocolHandler ["ajp-apr-8009"]
八月 21, 2015 2:40:58 上午 org.apache.catalina.core.AprLifecycleListener init
資訊: Loaded APR based Apache Tomcat Native library 1.1.27 using APR version 1.4.6.
八月 21, 2015 2:40:58 上午 org.apache.catalina.core.AprLifecycleListener init
資訊: APR capabilities: IPv6 [true], sendfile [true], accept filters [false], random [true].
八月 21, 2015 2:40:59 上午 org.apache.catalina.core.AprLifecycleListener initializeSSL
資訊: OpenSSL successfully initialized (OpenSSL 1.0.1d 5 Feb 2013)
八月 21, 2015 2:40:59 上午 org.apache.coyote.AbstractProtocol init
資訊: Initializing ProtocolHandler ["http-apr-8080"]
八月 21, 2015 2:40:59 上午 org.apache.coyote.AbstractProtocol init
資訊: Initializing ProtocolHandler ["ajp-apr-8009"]
八月 21, 2015 2:40:59 上午 org.apache.catalina.startup.Catalina load
資訊: Initialization processed in 1451 ms
八月 21, 2015 2:40:59 上午 org.apache.catalina.core.StandardService startInternal
資訊: Starting service Catalina
八月 21, 2015 2:40:59 上午 org.apache.catalina.core.StandardEngine startInternal
資訊: Starting Servlet Engine: Apache Tomcat/7.0.42
八月 21, 2015 2:40:59 上午 org.apache.catalina.startup.HostConfig deployDirectory
資訊: Deploying web application directory E:\Tomcat7\webapps\docs
八月 21, 2015 2:41:00 上午 org.apache.catalina.util.SessionIdGenerator createSecureRandom
資訊: Creation of SecureRandom instance for session ID generation using [SHA1PRNG] took [157] milliseconds.
八月 21, 2015 2:41:00 上午 org.apache.catalina.startup.HostConfig deployDirectory
資訊: Deploying web application directory E:\Tomcat7\webapps\examples
八月 21, 2015 2:41:00 上午 org.apache.catalina.startup.HostConfig deployDirectory
資訊: Deploying web application directory E:\Tomcat7\webapps\host-manager
八月 21, 2015 2:41:00 上午 org.apache.catalina.startup.HostConfig deployDirectory
資訊: Deploying web application directory E:\Tomcat7\webapps\manager
八月 21, 2015 2:41:00 上午 org.apache.catalina.startup.HostConfig deployDirectory
資訊: Deploying web application directory E:\Tomcat7\webapps\ROOT
八月 21, 2015 2:41:00 上午 org.apache.coyote.AbstractProtocol start
資訊: Starting ProtocolHandler ["http-apr-8080"]
八月 21, 2015 2:41:00 上午 org.apache.coyote.AbstractProtocol start
資訊: Starting ProtocolHandler ["ajp-apr-8009"]
八月 21, 2015 2:41:00 上午 org.apache.catalina.startup.Catalina start
資訊: Server startup in 797 ms
八月 21, 2015 2:47:32 上午 org.apache.coyote.AbstractProtocol pause
資訊: Pausing ProtocolHandler ["http-apr-8080"]
八月 21, 2015 2:47:32 上午 org.apache.coyote.AbstractProtocol pause
資訊: Pausing ProtocolHandler ["ajp-apr-8009"]
八月 21, 2015 2:47:33 上午 org.apache.catalina.core.StandardService stopInternal
資訊: Stopping service Catalina
八月 21, 2015 2:47:33 上午 org.apache.coyote.AbstractProtocol stop
資訊: Stopping ProtocolHandler ["http-apr-8080"]
八月 21, 2015 2:47:33 上午 org.apache.coyote.AbstractProtocol stop
資訊: Stopping ProtocolHandler ["ajp-apr-8009"]
八月 21, 2015 2:48:13 上午 org.apache.catalina.core.AprLifecycleListener init
資訊: Loaded APR based Apache Tomcat Native library 1.1.27 using APR version 1.4.6.
八月 21, 2015 2:48:13 上午 org.apache.catalina.core.AprLifecycleListener init
資訊: APR capabilities: IPv6 [true], sendfile [true], accept filters [false], random [true].
八月 21, 2015 2:48:14 上午 org.apache.catalina.core.AprLifecycleListener initializeSSL
資訊: OpenSSL successfully initialized (OpenSSL 1.0.1d 5 Feb 2013)
八月 21, 2015 2:48:14 上午 org.apache.coyote.AbstractProtocol init
資訊: Initializing ProtocolHandler ["http-apr-8080"]
八月 21, 2015 2:48:14 上午 org.apache.coyote.AbstractProtocol init
資訊: Initializing ProtocolHandler ["ajp-apr-8009"]
八月 21, 2015 2:48:14 上午 org.apache.catalina.startup.Catalina load
資訊: Initialization processed in 1425 ms
八月 21, 2015 2:48:14 上午 org.apache.catalina.core.StandardService startInternal
資訊: Starting service Catalina
八月 21, 2015 2:48:14 上午 org.apache.catalina.core.StandardEngine startInternal
資訊: Starting Servlet Engine: Apache Tomcat/7.0.42
八月 21, 2015 2:48:14 上午 org.apache.catalina.startup.HostConfig deployDirectory
資訊: Deploying web application directory E:\Tomcat7\webapps\docs
八月 21, 2015 2:48:15 上午 org.apache.catalina.util.SessionIdGenerator createSecureRandom
資訊: Creation of SecureRandom instance for session ID generation using [SHA1PRNG] took [154] milliseconds.
八月 21, 2015 2:48:15 上午 org.apache.catalina.startup.HostConfig deployDirectory
資訊: Deploying web application directory E:\Tomcat7\webapps\examples
八月 21, 2015 2:48:15 上午 org.apache.catalina.startup.HostConfig deployDirectory
資訊: Deploying web application directory E:\Tomcat7\webapps\host-manager
八月 21, 2015 2:48:15 上午 org.apache.catalina.startup.HostConfig deployDirectory
資訊: Deploying web application directory E:\Tomcat7\webapps\manager
八月 21, 2015 2:48:15 上午 org.apache.catalina.startup.HostConfig deployDirectory
資訊: Deploying web application directory E:\Tomcat7\webapps\ROOT
八月 21, 2015 2:48:15 上午 org.apache.coyote.AbstractProtocol start
資訊: Starting ProtocolHandler ["http-apr-8080"]
八月 21, 2015 2:48:15 上午 org.apache.coyote.AbstractProtocol start
資訊: Starting ProtocolHandler ["ajp-apr-8009"]
八月 21, 2015 2:48:15 上午 org.apache.catalina.startup.Catalina start
資訊: Server startup in 829 ms
八月 21, 2015 2:49:13 上午 org.apache.catalina.startup.HostConfig deployWAR
資訊: Deploying web application archive E:\Tomcat7\webapps\CSPSWeb.war
八月 21, 2015 2:49:56 上午 org.apache.catalina.loader.WebappClassLoader validateJarFile
資訊: validateJarFile(E:\Tomcat7\webapps\CSPSWeb\WEB-INF\lib\j2ee-1.4.jar) - jar not loaded. See Servlet Spec 2.3, section 9.7.2. Offending class: javax/servlet/Servlet.class
八月 21, 2015 2:49:56 上午 org.apache.catalina.loader.WebappClassLoader validateJarFile
資訊: validateJarFile(E:\Tomcat7\webapps\CSPSWeb\WEB-INF\lib\javaee-api-5.0-1.jar) - jar not loaded. See Servlet Spec 2.3, section 9.7.2. Offending class: javax/servlet/Servlet.class
八月 21, 2015 2:50:00 上午 org.apache.catalina.startup.TaglibUriRule body
資訊: TLD skipped. URI: http://jakarta.apache.org/struts/tags-html-1.0.2 is already defined
八月 21, 2015 2:50:00 上午 org.apache.catalina.startup.TaglibUriRule body
資訊: TLD skipped. URI: http://jakarta.apache.org/struts/tags-html-1.0.2 is already defined
八月 21, 2015 2:50:00 上午 org.apache.catalina.startup.TaglibUriRule body
資訊: TLD skipped. URI: http://jakarta.apache.org/struts/tags-html-1.0.2 is already defined
八月 21, 2015 2:56:29 上午 org.apache.coyote.AbstractProtocol pause
資訊: Pausing ProtocolHandler ["http-apr-8080"]
八月 21, 2015 2:56:29 上午 org.apache.coyote.AbstractProtocol pause
資訊: Pausing ProtocolHandler ["ajp-apr-8009"]
八月 21, 2015 2:56:29 上午 org.apache.catalina.core.StandardService stopInternal
資訊: Stopping service Catalina
八月 21, 2015 2:56:29 上午 org.apache.catalina.loader.WebappClassLoader clearReferencesJdbc
嚴重: The web application [/CSPSWeb] registered the JDBC driver [net.sourceforge.jtds.jdbc.Driver] but failed to unregister it when the web application was stopped. To prevent a memory leak, the JDBC Driver has been forcibly unregistered.
八月 21, 2015 2:56:29 上午 org.apache.catalina.loader.WebappClassLoader clearReferencesThreads
嚴重: The web application [/CSPSWeb] appears to have started a thread named [Timer-0] but has failed to stop it. This is very likely to create a memory leak.
八月 21, 2015 2:56:29 上午 org.apache.catalina.loader.WebappClassLoader clearReferencesThreads
嚴重: The web application [/CSPSWeb] appears to have started a thread named [Thread-45] but has failed to stop it. This is very likely to create a memory leak.
八月 21, 2015 2:56:29 上午 org.apache.catalina.loader.WebappClassLoader clearReferencesThreads
嚴重: The web application [/CSPSWeb] appears to have started a thread named [com.mchange.v2.async.ThreadPoolAsynchronousRunner$PoolThread-#0] but has failed to stop it. This is very likely to create a memory leak.
八月 21, 2015 2:56:29 上午 org.apache.catalina.loader.WebappClassLoader clearReferencesThreads
嚴重: The web application [/CSPSWeb] appears to have started a thread named [com.mchange.v2.async.ThreadPoolAsynchronousRunner$PoolThread-#1] but has failed to stop it. This is very likely to create a memory leak.
八月 21, 2015 2:56:29 上午 org.apache.catalina.loader.WebappClassLoader clearReferencesThreads
嚴重: The web application [/CSPSWeb] appears to have started a thread named [com.mchange.v2.async.ThreadPoolAsynchronousRunner$PoolThread-#2] but has failed to stop it. This is very likely to create a memory leak.
八月 21, 2015 2:56:29 上午 org.apache.catalina.loader.WebappClassLoader checkThreadLocalMapForLeaks
嚴重: The web application [/CSPSWeb] created a ThreadLocal with key of type [java.lang.ThreadLocal] (value [java.lang.ThreadLocal@1a8633a]) and a value of type [org.hibernate.impl.SessionImpl] (value [org.hibernate.impl.SessionImpl(<closed>)]) but failed to remove it when the web application was stopped. Threads are going to be renewed over time to try and avoid a probable memory leak.
八月 21, 2015 2:56:29 上午 org.apache.catalina.loader.WebappClassLoader checkThreadLocalMapForLeaks
嚴重: The web application [/CSPSWeb] created a ThreadLocal with key of type [java.lang.ThreadLocal] (value [java.lang.ThreadLocal@1a8633a]) and a value of type [org.hibernate.impl.SessionImpl] (value [org.hibernate.impl.SessionImpl(<closed>)]) but failed to remove it when the web application was stopped. Threads are going to be renewed over time to try and avoid a probable memory leak.
八月 21, 2015 2:56:29 上午 org.apache.coyote.AbstractProtocol stop
資訊: Stopping ProtocolHandler ["http-apr-8080"]
八月 21, 2015 2:56:29 上午 org.apache.coyote.AbstractProtocol stop
資訊: Stopping ProtocolHandler ["ajp-apr-8009"]
八月 21, 2015 2:56:48 上午 org.apache.catalina.core.AprLifecycleListener init
資訊: Loaded APR based Apache Tomcat Native library 1.1.27 using APR version 1.4.6.
八月 21, 2015 2:56:48 上午 org.apache.catalina.core.AprLifecycleListener init
資訊: APR capabilities: IPv6 [true], sendfile [true], accept filters [false], random [true].
八月 21, 2015 2:56:49 上午 org.apache.catalina.core.AprLifecycleListener initializeSSL
資訊: OpenSSL successfully initialized (OpenSSL 1.0.1d 5 Feb 2013)
八月 21, 2015 2:56:50 上午 org.apache.coyote.AbstractProtocol init
資訊: Initializing ProtocolHandler ["http-apr-8080"]
八月 21, 2015 2:56:50 上午 org.apache.coyote.AbstractProtocol init
資訊: Initializing ProtocolHandler ["ajp-apr-8009"]
八月 21, 2015 2:56:50 上午 org.apache.catalina.startup.Catalina load
資訊: Initialization processed in 1475 ms
八月 21, 2015 2:56:50 上午 org.apache.catalina.core.StandardService startInternal
資訊: Starting service Catalina
八月 21, 2015 2:56:50 上午 org.apache.catalina.core.StandardEngine startInternal
資訊: Starting Servlet Engine: Apache Tomcat/7.0.42
八月 21, 2015 2:56:50 上午 org.apache.catalina.startup.HostConfig deployWAR
資訊: Deploying web application archive E:\Tomcat7\webapps\CSPSWeb.war
八月 21, 2015 2:56:50 上午 org.apache.catalina.loader.WebappClassLoader validateJarFile
資訊: validateJarFile(E:\Tomcat7\webapps\CSPSWeb\WEB-INF\lib\j2ee-1.4.jar) - jar not loaded. See Servlet Spec 2.3, section 9.7.2. Offending class: javax/servlet/Servlet.class
八月 21, 2015 2:56:50 上午 org.apache.catalina.loader.WebappClassLoader validateJarFile
資訊: validateJarFile(E:\Tomcat7\webapps\CSPSWeb\WEB-INF\lib\javaee-api-5.0-1.jar) - jar not loaded. See Servlet Spec 2.3, section 9.7.2. Offending class: javax/servlet/Servlet.class
八月 21, 2015 2:56:54 上午 org.apache.catalina.startup.TaglibUriRule body
資訊: TLD skipped. URI: http://jakarta.apache.org/struts/tags-html-1.0.2 is already defined
八月 21, 2015 2:56:54 上午 org.apache.catalina.startup.TaglibUriRule body
資訊: TLD skipped. URI: http://jakarta.apache.org/struts/tags-html-1.0.2 is already defined
八月 21, 2015 2:56:54 上午 org.apache.catalina.startup.TaglibUriRule body
資訊: TLD skipped. URI: http://jakarta.apache.org/struts/tags-html-1.0.2 is already defined
八月 21, 2015 2:56:54 上午 org.apache.catalina.util.SessionIdGenerator createSecureRandom
資訊: Creation of SecureRandom instance for session ID generation using [SHA1PRNG] took [154] milliseconds.
八月 21, 2015 2:57:54 上午 org.apache.catalina.startup.HostConfig deployDirectory
資訊: Deploying web application directory E:\Tomcat7\webapps\docs
八月 21, 2015 2:57:54 上午 org.apache.catalina.startup.HostConfig deployDirectory
資訊: Deploying web application directory E:\Tomcat7\webapps\examples
八月 21, 2015 2:57:55 上午 org.apache.catalina.startup.HostConfig deployDirectory
資訊: Deploying web application directory E:\Tomcat7\webapps\host-manager
八月 21, 2015 2:57:55 上午 org.apache.catalina.startup.HostConfig deployDirectory
資訊: Deploying web application directory E:\Tomcat7\webapps\manager
八月 21, 2015 2:57:55 上午 org.apache.catalina.startup.HostConfig deployDirectory
資訊: Deploying web application directory E:\Tomcat7\webapps\ROOT
八月 21, 2015 2:57:55 上午 org.apache.coyote.AbstractProtocol start
資訊: Starting ProtocolHandler ["http-apr-8080"]
八月 21, 2015 2:57:55 上午 org.apache.coyote.AbstractProtocol start
資訊: Starting ProtocolHandler ["ajp-apr-8009"]
八月 21, 2015 2:57:55 上午 org.apache.catalina.startup.Catalina start
資訊: Server startup in 65198 ms
八月 21, 2015 3:00:31 上午 org.apache.coyote.AbstractProtocol pause
資訊: Pausing ProtocolHandler ["http-apr-8080"]
八月 21, 2015 3:00:31 上午 org.apache.coyote.AbstractProtocol pause
資訊: Pausing ProtocolHandler ["ajp-apr-8009"]
八月 21, 2015 3:00:31 上午 org.apache.catalina.core.StandardService stopInternal
資訊: Stopping service Catalina
八月 21, 2015 3:00:31 上午 org.apache.catalina.loader.WebappClassLoader clearReferencesJdbc
嚴重: The web application [/CSPSWeb] registered the JDBC driver [net.sourceforge.jtds.jdbc.Driver] but failed to unregister it when the web application was stopped. To prevent a memory leak, the JDBC Driver has been forcibly unregistered.
八月 21, 2015 3:00:31 上午 org.apache.catalina.loader.WebappClassLoader clearReferencesThreads
嚴重: The web application [/CSPSWeb] appears to have started a thread named [Timer-0] but has failed to stop it. This is very likely to create a memory leak.
八月 21, 2015 3:00:31 上午 org.apache.catalina.loader.WebappClassLoader clearReferencesThreads
嚴重: The web application [/CSPSWeb] appears to have started a thread named [Thread-45] but has failed to stop it. This is very likely to create a memory leak.
八月 21, 2015 3:00:31 上午 org.apache.catalina.loader.WebappClassLoader clearReferencesThreads
嚴重: The web application [/CSPSWeb] appears to have started a thread named [com.mchange.v2.async.ThreadPoolAsynchronousRunner$PoolThread-#0] but has failed to stop it. This is very likely to create a memory leak.
八月 21, 2015 3:00:31 上午 org.apache.catalina.loader.WebappClassLoader clearReferencesThreads
嚴重: The web application [/CSPSWeb] appears to have started a thread named [com.mchange.v2.async.ThreadPoolAsynchronousRunner$PoolThread-#1] but has failed to stop it. This is very likely to create a memory leak.
八月 21, 2015 3:00:31 上午 org.apache.catalina.loader.WebappClassLoader clearReferencesThreads
嚴重: The web application [/CSPSWeb] appears to have started a thread named [com.mchange.v2.async.ThreadPoolAsynchronousRunner$PoolThread-#2] but has failed to stop it. This is very likely to create a memory leak.
八月 21, 2015 3:00:31 上午 org.apache.catalina.loader.WebappClassLoader checkThreadLocalMapForLeaks
嚴重: The web application [/CSPSWeb] created a ThreadLocal with key of type [java.lang.ThreadLocal] (value [java.lang.ThreadLocal@11e79e2]) and a value of type [org.hibernate.impl.SessionImpl] (value [org.hibernate.impl.SessionImpl(<closed>)]) but failed to remove it when the web application was stopped. Threads are going to be renewed over time to try and avoid a probable memory leak.
八月 21, 2015 3:00:31 上午 org.apache.coyote.AbstractProtocol stop
資訊: Stopping ProtocolHandler ["http-apr-8080"]
八月 21, 2015 3:00:31 上午 org.apache.coyote.AbstractProtocol stop
資訊: Stopping ProtocolHandler ["ajp-apr-8009"]
八月 21, 2015 9:00:28 上午 org.apache.catalina.core.AprLifecycleListener init
資訊: Loaded APR based Apache Tomcat Native library 1.1.27 using APR version 1.4.6.
八月 21, 2015 9:00:28 上午 org.apache.catalina.core.AprLifecycleListener init
資訊: APR capabilities: IPv6 [true], sendfile [true], accept filters [false], random [true].
八月 21, 2015 9:00:29 上午 org.apache.catalina.core.AprLifecycleListener initializeSSL
資訊: OpenSSL successfully initialized (OpenSSL 1.0.1d 5 Feb 2013)
八月 21, 2015 9:00:30 上午 org.apache.coyote.AbstractProtocol init
資訊: Initializing ProtocolHandler ["http-apr-8080"]
八月 21, 2015 9:00:30 上午 org.apache.coyote.AbstractProtocol init
資訊: Initializing ProtocolHandler ["ajp-apr-8009"]
八月 21, 2015 9:00:30 上午 org.apache.catalina.startup.Catalina load
資訊: Initialization processed in 1854 ms
八月 21, 2015 9:00:30 上午 org.apache.catalina.core.StandardService startInternal
資訊: Starting service Catalina
八月 21, 2015 9:00:30 上午 org.apache.catalina.core.StandardEngine startInternal
資訊: Starting Servlet Engine: Apache Tomcat/7.0.42
八月 21, 2015 9:00:30 上午 org.apache.catalina.startup.HostConfig deployWAR
資訊: Deploying web application archive E:\Tomcat7\webapps\CSPSWeb.war
八月 21, 2015 9:00:31 上午 org.apache.catalina.loader.WebappClassLoader validateJarFile
資訊: validateJarFile(E:\Tomcat7\webapps\CSPSWeb\WEB-INF\lib\j2ee-1.4.jar) - jar not loaded. See Servlet Spec 2.3, section 9.7.2. Offending class: javax/servlet/Servlet.class
八月 21, 2015 9:00:31 上午 org.apache.catalina.loader.WebappClassLoader validateJarFile
資訊: validateJarFile(E:\Tomcat7\webapps\CSPSWeb\WEB-INF\lib\javaee-api-5.0-1.jar) - jar not loaded. See Servlet Spec 2.3, section 9.7.2. Offending class: javax/servlet/Servlet.class
八月 21, 2015 9:00:37 上午 org.apache.catalina.startup.TaglibUriRule body
資訊: TLD skipped. URI: http://jakarta.apache.org/struts/tags-html-1.0.2 is already defined
八月 21, 2015 9:00:37 上午 org.apache.catalina.startup.TaglibUriRule body
資訊: TLD skipped. URI: http://jakarta.apache.org/struts/tags-html-1.0.2 is already defined
八月 21, 2015 9:00:37 上午 org.apache.catalina.startup.TaglibUriRule body
資訊: TLD skipped. URI: http://jakarta.apache.org/struts/tags-html-1.0.2 is already defined
八月 21, 2015 9:00:37 上午 org.apache.catalina.util.SessionIdGenerator createSecureRandom
資訊: Creation of SecureRandom instance for session ID generation using [SHA1PRNG] took [187] milliseconds.
八月 21, 2015 9:01:38 上午 org.apache.catalina.startup.HostConfig deployDirectory
資訊: Deploying web application directory E:\Tomcat7\webapps\docs
八月 21, 2015 9:01:38 上午 org.apache.catalina.startup.HostConfig deployDirectory
資訊: Deploying web application directory E:\Tomcat7\webapps\examples
八月 21, 2015 9:01:38 上午 org.apache.catalina.startup.HostConfig deployDirectory
資訊: Deploying web application directory E:\Tomcat7\webapps\host-manager
八月 21, 2015 9:01:38 上午 org.apache.catalina.startup.HostConfig deployDirectory
資訊: Deploying web application directory E:\Tomcat7\webapps\manager
八月 21, 2015 9:01:38 上午 org.apache.catalina.startup.HostConfig deployDirectory
資訊: Deploying web application directory E:\Tomcat7\webapps\ROOT
八月 21, 2015 9:01:38 上午 org.apache.coyote.AbstractProtocol start
資訊: Starting ProtocolHandler ["http-apr-8080"]
八月 21, 2015 9:01:39 上午 org.apache.coyote.AbstractProtocol start
資訊: Starting ProtocolHandler ["ajp-apr-8009"]
八月 21, 2015 9:01:39 上午 org.apache.catalina.startup.Catalina start
資訊: Server startup in 68838 ms
八月 21, 2015 9:02:21 上午 org.apache.catalina.loader.WebappClassLoader clearReferencesJdbc
嚴重: The web application [/CSPSWeb] registered the JDBC driver [net.sourceforge.jtds.jdbc.Driver] but failed to unregister it when the web application was stopped. To prevent a memory leak, the JDBC Driver has been forcibly unregistered.
八月 21, 2015 9:02:21 上午 org.apache.catalina.loader.WebappClassLoader clearReferencesThreads
嚴重: The web application [/CSPSWeb] appears to have started a thread named [Timer-0] but has failed to stop it. This is very likely to create a memory leak.
八月 21, 2015 9:02:21 上午 org.apache.catalina.loader.WebappClassLoader clearReferencesThreads
嚴重: The web application [/CSPSWeb] appears to have started a thread named [Thread-45] but has failed to stop it. This is very likely to create a memory leak.
八月 21, 2015 9:02:21 上午 org.apache.catalina.loader.WebappClassLoader clearReferencesThreads
嚴重: The web application [/CSPSWeb] appears to have started a thread named [com.mchange.v2.async.ThreadPoolAsynchronousRunner$PoolThread-#0] but has failed to stop it. This is very likely to create a memory leak.
八月 21, 2015 9:02:21 上午 org.apache.catalina.loader.WebappClassLoader clearReferencesThreads
嚴重: The web application [/CSPSWeb] appears to have started a thread named [com.mchange.v2.async.ThreadPoolAsynchronousRunner$PoolThread-#1] but has failed to stop it. This is very likely to create a memory leak.
八月 21, 2015 9:02:21 上午 org.apache.catalina.loader.WebappClassLoader clearReferencesThreads
嚴重: The web application [/CSPSWeb] appears to have started a thread named [com.mchange.v2.async.ThreadPoolAsynchronousRunner$PoolThread-#2] but has failed to stop it. This is very likely to create a memory leak.
八月 21, 2015 9:02:21 上午 org.apache.catalina.loader.WebappClassLoader clearReferencesThreads
嚴重: The web application [/CSPSWeb] appears to have started a thread named [Dispatch-Thread-for-com.mchange.v2.async.ThreadPerTaskAsynchronousRunner@1ebe8b1] but has failed to stop it. This is very likely to create a memory leak.
八月 21, 2015 9:02:21 上午 org.apache.catalina.loader.WebappClassLoader clearReferencesThreads
嚴重: The web application [/CSPSWeb] appears to have started a thread named [Task-Thread-for-com.mchange.v2.async.ThreadPerTaskAsynchronousRunner@1ebe8b1] but has failed to stop it. This is very likely to create a memory leak.
八月 21, 2015 9:02:21 上午 org.apache.catalina.loader.WebappClassLoader clearReferencesThreads
嚴重: The web application [/CSPSWeb] appears to have started a thread named [Task-Thread-for-com.mchange.v2.async.ThreadPerTaskAsynchronousRunner@1ebe8b1] but has failed to stop it. This is very likely to create a memory leak.
八月 21, 2015 9:02:21 上午 org.apache.catalina.loader.WebappClassLoader clearReferencesThreads
嚴重: The web application [/CSPSWeb] appears to have started a thread named [Task-Thread-for-com.mchange.v2.async.ThreadPerTaskAsynchronousRunner@1ebe8b1] but has failed to stop it. This is very likely to create a memory leak.
八月 21, 2015 9:02:21 上午 org.apache.catalina.loader.WebappClassLoader clearReferencesThreads
嚴重: The web application [/CSPSWeb] appears to have started a thread named [Task-Thread-for-com.mchange.v2.async.ThreadPerTaskAsynchronousRunner@1ebe8b1] but has failed to stop it. This is very likely to create a memory leak.
八月 21, 2015 9:02:21 上午 org.apache.catalina.loader.WebappClassLoader clearReferencesThreads
嚴重: The web application [/CSPSWeb] appears to have started a thread named [Task-Thread-for-com.mchange.v2.async.ThreadPerTaskAsynchronousRunner@1ebe8b1] but has failed to stop it. This is very likely to create a memory leak.
八月 21, 2015 9:02:21 上午 org.apache.catalina.loader.WebappClassLoader clearReferencesThreads
嚴重: The web application [/CSPSWeb] appears to have started a thread named [Task-Thread-for-com.mchange.v2.async.ThreadPerTaskAsynchronousRunner@1ebe8b1] but has failed to stop it. This is very likely to create a memory leak.
八月 21, 2015 9:02:21 上午 org.apache.catalina.loader.WebappClassLoader clearReferencesThreads
嚴重: The web application [/CSPSWeb] appears to have started a thread named [Task-Thread-for-com.mchange.v2.async.ThreadPerTaskAsynchronousRunner@1ebe8b1] but has failed to stop it. This is very likely to create a memory leak.
八月 21, 2015 9:02:21 上午 org.apache.catalina.loader.WebappClassLoader checkThreadLocalMapForLeaks
嚴重: The web application [/CSPSWeb] created a ThreadLocal with key of type [java.lang.ThreadLocal] (value [java.lang.ThreadLocal@177b9c6]) and a value of type [org.hibernate.impl.SessionImpl] (value [org.hibernate.impl.SessionImpl(<closed>)]) but failed to remove it when the web application was stopped. Threads are going to be renewed over time to try and avoid a probable memory leak.
八月 21, 2015 9:02:23 上午 org.apache.catalina.startup.HostConfig deleteRedeployResources
資訊: Undeploying context [/CSPSWeb]
八月 21, 2015 9:02:39 上午 org.apache.catalina.loader.WebappClassLoader loadClass
資訊: Illegal access: this web application instance has been stopped already.  Could not load vteam.csps.security.control.ControlUserLoginInfo.  The eventual following stack trace is caused by an error thrown for debugging purposes as well as to attempt to terminate the thread which caused the illegal access, and has no functional impact.
java.lang.IllegalStateException
	at org.apache.catalina.loader.WebappClassLoader.loadClass(WebappClassLoader.java:1600)
	at org.apache.catalina.loader.WebappClassLoader.loadClass(WebappClassLoader.java:1559)
	at vteam.csps.security.control.Middle.run(Middle.java:48)

八月 21, 2015 9:05:34 上午 org.apache.catalina.startup.HostConfig deployWAR
資訊: Deploying web application archive E:\Tomcat7\webapps\CSPSWeb.war
八月 21, 2015 9:06:18 上午 org.apache.catalina.loader.WebappClassLoader validateJarFile
資訊: validateJarFile(E:\Tomcat7\webapps\CSPSWeb\WEB-INF\lib\j2ee-1.4.jar) - jar not loaded. See Servlet Spec 2.3, section 9.7.2. Offending class: javax/servlet/Servlet.class
八月 21, 2015 9:06:18 上午 org.apache.catalina.loader.WebappClassLoader validateJarFile
資訊: validateJarFile(E:\Tomcat7\webapps\CSPSWeb\WEB-INF\lib\javaee-api-5.0-1.jar) - jar not loaded. See Servlet Spec 2.3, section 9.7.2. Offending class: javax/servlet/Servlet.class
八月 21, 2015 9:06:21 上午 org.apache.catalina.startup.TaglibUriRule body
資訊: TLD skipped. URI: http://jakarta.apache.org/struts/tags-html-1.0.2 is already defined
八月 21, 2015 9:06:21 上午 org.apache.catalina.startup.TaglibUriRule body
資訊: TLD skipped. URI: http://jakarta.apache.org/struts/tags-html-1.0.2 is already defined
八月 21, 2015 9:06:21 上午 org.apache.catalina.startup.TaglibUriRule body
資訊: TLD skipped. URI: http://jakarta.apache.org/struts/tags-html-1.0.2 is already defined
八月 21, 2015 10:00:18 上午 org.apache.catalina.loader.WebappClassLoader clearReferencesJdbc
嚴重: The web application [/CSPSWeb] registered the JDBC driver [net.sourceforge.jtds.jdbc.Driver] but failed to unregister it when the web application was stopped. To prevent a memory leak, the JDBC Driver has been forcibly unregistered.
八月 21, 2015 10:00:18 上午 org.apache.catalina.loader.WebappClassLoader clearReferencesThreads
嚴重: The web application [/CSPSWeb] appears to have started a thread named [Timer-1] but has failed to stop it. This is very likely to create a memory leak.
八月 21, 2015 10:00:18 上午 org.apache.catalina.loader.WebappClassLoader clearReferencesThreads
嚴重: The web application [/CSPSWeb] appears to have started a thread named [com.mchange.v2.async.ThreadPoolAsynchronousRunner$PoolThread-#0] but has failed to stop it. This is very likely to create a memory leak.
八月 21, 2015 10:00:18 上午 org.apache.catalina.loader.WebappClassLoader clearReferencesThreads
嚴重: The web application [/CSPSWeb] appears to have started a thread named [com.mchange.v2.async.ThreadPoolAsynchronousRunner$PoolThread-#1] but has failed to stop it. This is very likely to create a memory leak.
八月 21, 2015 10:00:18 上午 org.apache.catalina.loader.WebappClassLoader clearReferencesThreads
嚴重: The web application [/CSPSWeb] appears to have started a thread named [com.mchange.v2.async.ThreadPoolAsynchronousRunner$PoolThread-#2] but has failed to stop it. This is very likely to create a memory leak.
八月 21, 2015 10:00:19 上午 org.apache.catalina.loader.WebappClassLoader checkThreadLocalMapForLeaks
嚴重: The web application [/CSPSWeb] created a ThreadLocal with key of type [java.lang.ThreadLocal] (value [java.lang.ThreadLocal@664d1b]) and a value of type [org.hibernate.impl.SessionImpl] (value [org.hibernate.impl.SessionImpl(<closed>)]) but failed to remove it when the web application was stopped. Threads are going to be renewed over time to try and avoid a probable memory leak.
八月 21, 2015 10:00:21 上午 org.apache.catalina.startup.HostConfig deleteRedeployResources
資訊: Undeploying context [/CSPSWeb]
八月 21, 2015 10:04:05 上午 org.apache.catalina.startup.HostConfig deployWAR
資訊: Deploying web application archive E:\Tomcat7\webapps\CSPSWeb.war
八月 21, 2015 10:04:49 上午 org.apache.catalina.loader.WebappClassLoader validateJarFile
資訊: validateJarFile(E:\Tomcat7\webapps\CSPSWeb\WEB-INF\lib\j2ee-1.4.jar) - jar not loaded. See Servlet Spec 2.3, section 9.7.2. Offending class: javax/servlet/Servlet.class
八月 21, 2015 10:04:49 上午 org.apache.catalina.loader.WebappClassLoader validateJarFile
資訊: validateJarFile(E:\Tomcat7\webapps\CSPSWeb\WEB-INF\lib\javaee-api-5.0-1.jar) - jar not loaded. See Servlet Spec 2.3, section 9.7.2. Offending class: javax/servlet/Servlet.class
八月 21, 2015 10:04:53 上午 org.apache.catalina.startup.TaglibUriRule body
資訊: TLD skipped. URI: http://jakarta.apache.org/struts/tags-html-1.0.2 is already defined
八月 21, 2015 10:04:53 上午 org.apache.catalina.startup.TaglibUriRule body
資訊: TLD skipped. URI: http://jakarta.apache.org/struts/tags-html-1.0.2 is already defined
八月 21, 2015 10:04:53 上午 org.apache.catalina.startup.TaglibUriRule body
資訊: TLD skipped. URI: http://jakarta.apache.org/struts/tags-html-1.0.2 is already defined
八月 21, 2015 10:09:13 上午 org.apache.catalina.core.StandardContext reload
資訊: Reloading Context with name [/CSPSWeb] has started
八月 21, 2015 10:09:13 上午 org.apache.catalina.loader.WebappClassLoader clearReferencesJdbc
嚴重: The web application [/CSPSWeb] registered the JDBC driver [net.sourceforge.jtds.jdbc.Driver] but failed to unregister it when the web application was stopped. To prevent a memory leak, the JDBC Driver has been forcibly unregistered.
八月 21, 2015 10:09:13 上午 org.apache.catalina.loader.WebappClassLoader clearReferencesThreads
嚴重: The web application [/CSPSWeb] appears to have started a thread named [Timer-2] but has failed to stop it. This is very likely to create a memory leak.
八月 21, 2015 10:09:13 上午 org.apache.catalina.loader.WebappClassLoader clearReferencesThreads
嚴重: The web application [/CSPSWeb] appears to have started a thread named [com.mchange.v2.async.ThreadPoolAsynchronousRunner$PoolThread-#0] but has failed to stop it. This is very likely to create a memory leak.
八月 21, 2015 10:09:13 上午 org.apache.catalina.loader.WebappClassLoader clearReferencesThreads
嚴重: The web application [/CSPSWeb] appears to have started a thread named [com.mchange.v2.async.ThreadPoolAsynchronousRunner$PoolThread-#1] but has failed to stop it. This is very likely to create a memory leak.
八月 21, 2015 10:09:13 上午 org.apache.catalina.loader.WebappClassLoader clearReferencesThreads
嚴重: The web application [/CSPSWeb] appears to have started a thread named [com.mchange.v2.async.ThreadPoolAsynchronousRunner$PoolThread-#2] but has failed to stop it. This is very likely to create a memory leak.
八月 21, 2015 10:09:13 上午 org.apache.catalina.loader.WebappClassLoader checkThreadLocalMapForLeaks
嚴重: The web application [/CSPSWeb] created a ThreadLocal with key of type [java.lang.ThreadLocal] (value [java.lang.ThreadLocal@a0f43e]) and a value of type [org.hibernate.impl.SessionImpl] (value [org.hibernate.impl.SessionImpl(<closed>)]) but failed to remove it when the web application was stopped. Threads are going to be renewed over time to try and avoid a probable memory leak.
八月 21, 2015 10:09:13 上午 org.apache.catalina.loader.WebappClassLoader validateJarFile
資訊: validateJarFile(E:\Tomcat7\webapps\CSPSWeb\WEB-INF\lib\j2ee-1.4.jar) - jar not loaded. See Servlet Spec 2.3, section 9.7.2. Offending class: javax/servlet/Servlet.class
八月 21, 2015 10:09:13 上午 org.apache.catalina.loader.WebappClassLoader validateJarFile
資訊: validateJarFile(E:\Tomcat7\webapps\CSPSWeb\WEB-INF\lib\javaee-api-5.0-1.jar) - jar not loaded. See Servlet Spec 2.3, section 9.7.2. Offending class: javax/servlet/Servlet.class
八月 21, 2015 10:09:17 上午 org.apache.catalina.startup.TaglibUriRule body
資訊: TLD skipped. URI: http://jakarta.apache.org/struts/tags-html-1.0.2 is already defined
八月 21, 2015 10:09:17 上午 org.apache.catalina.startup.TaglibUriRule body
資訊: TLD skipped. URI: http://jakarta.apache.org/struts/tags-html-1.0.2 is already defined
八月 21, 2015 10:09:17 上午 org.apache.catalina.startup.TaglibUriRule body
資訊: TLD skipped. URI: http://jakarta.apache.org/struts/tags-html-1.0.2 is already defined
八月 21, 2015 10:10:20 上午 org.apache.catalina.core.StandardContext reload
資訊: Reloading Context with name [/CSPSWeb] is completed
八月 21, 2015 10:27:45 上午 org.apache.catalina.loader.WebappClassLoader clearReferencesJdbc
嚴重: The web application [/CSPSWeb] registered the JDBC driver [net.sourceforge.jtds.jdbc.Driver] but failed to unregister it when the web application was stopped. To prevent a memory leak, the JDBC Driver has been forcibly unregistered.
八月 21, 2015 10:27:45 上午 org.apache.catalina.loader.WebappClassLoader clearReferencesThreads
嚴重: The web application [/CSPSWeb] appears to have started a thread named [Timer-3] but has failed to stop it. This is very likely to create a memory leak.
八月 21, 2015 10:27:45 上午 org.apache.catalina.loader.WebappClassLoader clearReferencesThreads
嚴重: The web application [/CSPSWeb] appears to have started a thread named [com.mchange.v2.async.ThreadPoolAsynchronousRunner$PoolThread-#0] but has failed to stop it. This is very likely to create a memory leak.
八月 21, 2015 10:27:45 上午 org.apache.catalina.loader.WebappClassLoader clearReferencesThreads
嚴重: The web application [/CSPSWeb] appears to have started a thread named [com.mchange.v2.async.ThreadPoolAsynchronousRunner$PoolThread-#1] but has failed to stop it. This is very likely to create a memory leak.
八月 21, 2015 10:27:45 上午 org.apache.catalina.loader.WebappClassLoader clearReferencesThreads
嚴重: The web application [/CSPSWeb] appears to have started a thread named [com.mchange.v2.async.ThreadPoolAsynchronousRunner$PoolThread-#2] but has failed to stop it. This is very likely to create a memory leak.
八月 21, 2015 10:27:47 上午 org.apache.catalina.startup.HostConfig deleteRedeployResources
資訊: Undeploying context [/CSPSWeb]
八月 21, 2015 10:27:50 上午 org.apache.catalina.startup.HostConfig deployWAR
資訊: Deploying web application archive E:\Tomcat7\webapps\CSPSWeb.war
八月 21, 2015 10:28:42 上午 org.apache.catalina.loader.WebappClassLoader validateJarFile
資訊: validateJarFile(E:\Tomcat7\webapps\CSPSWeb\WEB-INF\lib\j2ee-1.4.jar) - jar not loaded. See Servlet Spec 2.3, section 9.7.2. Offending class: javax/servlet/Servlet.class
八月 21, 2015 10:28:42 上午 org.apache.catalina.loader.WebappClassLoader validateJarFile
資訊: validateJarFile(E:\Tomcat7\webapps\CSPSWeb\WEB-INF\lib\javaee-api-5.0-1.jar) - jar not loaded. See Servlet Spec 2.3, section 9.7.2. Offending class: javax/servlet/Servlet.class
八月 21, 2015 10:28:47 上午 org.apache.catalina.startup.TaglibUriRule body
資訊: TLD skipped. URI: http://jakarta.apache.org/struts/tags-html-1.0.2 is already defined
八月 21, 2015 10:28:47 上午 org.apache.catalina.startup.TaglibUriRule body
資訊: TLD skipped. URI: http://jakarta.apache.org/struts/tags-html-1.0.2 is already defined
八月 21, 2015 10:28:47 上午 org.apache.catalina.startup.TaglibUriRule body
資訊: TLD skipped. URI: http://jakarta.apache.org/struts/tags-html-1.0.2 is already defined
八月 21, 2015 10:34:23 上午 org.apache.catalina.loader.WebappClassLoader clearReferencesJdbc
嚴重: The web application [/CSPSWeb] registered the JDBC driver [net.sourceforge.jtds.jdbc.Driver] but failed to unregister it when the web application was stopped. To prevent a memory leak, the JDBC Driver has been forcibly unregistered.
八月 21, 2015 10:34:23 上午 org.apache.catalina.loader.WebappClassLoader clearReferencesThreads
嚴重: The web application [/CSPSWeb] appears to have started a thread named [Timer-4] but has failed to stop it. This is very likely to create a memory leak.
八月 21, 2015 10:34:23 上午 org.apache.catalina.loader.WebappClassLoader clearReferencesThreads
嚴重: The web application [/CSPSWeb] appears to have started a thread named [com.mchange.v2.async.ThreadPoolAsynchronousRunner$PoolThread-#0] but has failed to stop it. This is very likely to create a memory leak.
八月 21, 2015 10:34:23 上午 org.apache.catalina.loader.WebappClassLoader clearReferencesThreads
嚴重: The web application [/CSPSWeb] appears to have started a thread named [com.mchange.v2.async.ThreadPoolAsynchronousRunner$PoolThread-#1] but has failed to stop it. This is very likely to create a memory leak.
八月 21, 2015 10:34:23 上午 org.apache.catalina.loader.WebappClassLoader clearReferencesThreads
嚴重: The web application [/CSPSWeb] appears to have started a thread named [com.mchange.v2.async.ThreadPoolAsynchronousRunner$PoolThread-#2] but has failed to stop it. This is very likely to create a memory leak.
八月 21, 2015 10:34:25 上午 org.apache.catalina.startup.HostConfig deleteRedeployResources
資訊: Undeploying context [/CSPSWeb]
八月 21, 2015 10:34:28 上午 org.apache.catalina.startup.HostConfig deployWAR
資訊: Deploying web application archive E:\Tomcat7\webapps\CSPSWeb.war
八月 21, 2015 10:35:13 上午 org.apache.catalina.loader.WebappClassLoader validateJarFile
資訊: validateJarFile(E:\Tomcat7\webapps\CSPSWeb\WEB-INF\lib\j2ee-1.4.jar) - jar not loaded. See Servlet Spec 2.3, section 9.7.2. Offending class: javax/servlet/Servlet.class
八月 21, 2015 10:35:13 上午 org.apache.catalina.loader.WebappClassLoader validateJarFile
資訊: validateJarFile(E:\Tomcat7\webapps\CSPSWeb\WEB-INF\lib\javaee-api-5.0-1.jar) - jar not loaded. See Servlet Spec 2.3, section 9.7.2. Offending class: javax/servlet/Servlet.class
八月 21, 2015 10:35:16 上午 org.apache.catalina.startup.TaglibUriRule body
資訊: TLD skipped. URI: http://jakarta.apache.org/struts/tags-html-1.0.2 is already defined
八月 21, 2015 10:35:16 上午 org.apache.catalina.startup.TaglibUriRule body
資訊: TLD skipped. URI: http://jakarta.apache.org/struts/tags-html-1.0.2 is already defined
八月 21, 2015 10:35:16 上午 org.apache.catalina.startup.TaglibUriRule body
資訊: TLD skipped. URI: http://jakarta.apache.org/struts/tags-html-1.0.2 is already defined
八月 21, 2015 10:40:50 上午 org.apache.coyote.AbstractProtocol pause
資訊: Pausing ProtocolHandler ["http-apr-8080"]
八月 21, 2015 10:40:50 上午 org.apache.coyote.AbstractProtocol pause
資訊: Pausing ProtocolHandler ["ajp-apr-8009"]
八月 21, 2015 10:40:50 上午 org.apache.catalina.core.StandardService stopInternal
資訊: Stopping service Catalina
八月 21, 2015 10:40:50 上午 org.apache.catalina.loader.WebappClassLoader clearReferencesJdbc
嚴重: The web application [/CSPSWeb] registered the JDBC driver [net.sourceforge.jtds.jdbc.Driver] but failed to unregister it when the web application was stopped. To prevent a memory leak, the JDBC Driver has been forcibly unregistered.
八月 21, 2015 10:40:50 上午 org.apache.catalina.loader.WebappClassLoader clearReferencesThreads
嚴重: The web application [/CSPSWeb] appears to have started a thread named [Timer-5] but has failed to stop it. This is very likely to create a memory leak.
八月 21, 2015 10:40:50 上午 org.apache.catalina.loader.WebappClassLoader clearReferencesThreads
嚴重: The web application [/CSPSWeb] appears to have started a thread named [com.mchange.v2.async.ThreadPoolAsynchronousRunner$PoolThread-#0] but has failed to stop it. This is very likely to create a memory leak.
八月 21, 2015 10:40:50 上午 org.apache.catalina.loader.WebappClassLoader clearReferencesThreads
嚴重: The web application [/CSPSWeb] appears to have started a thread named [com.mchange.v2.async.ThreadPoolAsynchronousRunner$PoolThread-#1] but has failed to stop it. This is very likely to create a memory leak.
八月 21, 2015 10:40:50 上午 org.apache.catalina.loader.WebappClassLoader clearReferencesThreads
嚴重: The web application [/CSPSWeb] appears to have started a thread named [com.mchange.v2.async.ThreadPoolAsynchronousRunner$PoolThread-#2] but has failed to stop it. This is very likely to create a memory leak.
八月 21, 2015 10:40:50 上午 org.apache.coyote.AbstractProtocol stop
資訊: Stopping ProtocolHandler ["http-apr-8080"]
八月 21, 2015 10:40:50 上午 org.apache.coyote.AbstractProtocol stop
資訊: Stopping ProtocolHandler ["ajp-apr-8009"]
八月 21, 2015 10:41:14 上午 org.apache.catalina.core.AprLifecycleListener init
資訊: Loaded APR based Apache Tomcat Native library 1.1.27 using APR version 1.4.6.
八月 21, 2015 10:41:14 上午 org.apache.catalina.core.AprLifecycleListener init
資訊: APR capabilities: IPv6 [true], sendfile [true], accept filters [false], random [true].
八月 21, 2015 10:41:16 上午 org.apache.catalina.core.AprLifecycleListener initializeSSL
資訊: OpenSSL successfully initialized (OpenSSL 1.0.1d 5 Feb 2013)
八月 21, 2015 10:41:16 上午 org.apache.coyote.AbstractProtocol init
資訊: Initializing ProtocolHandler ["http-apr-8080"]
八月 21, 2015 10:41:16 上午 org.apache.coyote.AbstractProtocol init
資訊: Initializing ProtocolHandler ["ajp-apr-8009"]
八月 21, 2015 10:41:16 上午 org.apache.catalina.startup.Catalina load
資訊: Initialization processed in 2063 ms
八月 21, 2015 10:41:16 上午 org.apache.catalina.core.StandardService startInternal
資訊: Starting service Catalina
八月 21, 2015 10:41:16 上午 org.apache.catalina.core.StandardEngine startInternal
資訊: Starting Servlet Engine: Apache Tomcat/7.0.42
八月 21, 2015 10:41:16 上午 org.apache.catalina.startup.HostConfig deployWAR
資訊: Deploying web application archive E:\Tomcat7\webapps\CSPSWeb.war
八月 21, 2015 10:41:16 上午 org.apache.catalina.loader.WebappClassLoader validateJarFile
資訊: validateJarFile(E:\Tomcat7\webapps\CSPSWeb\WEB-INF\lib\j2ee-1.4.jar) - jar not loaded. See Servlet Spec 2.3, section 9.7.2. Offending class: javax/servlet/Servlet.class
八月 21, 2015 10:41:16 上午 org.apache.catalina.loader.WebappClassLoader validateJarFile
資訊: validateJarFile(E:\Tomcat7\webapps\CSPSWeb\WEB-INF\lib\javaee-api-5.0-1.jar) - jar not loaded. See Servlet Spec 2.3, section 9.7.2. Offending class: javax/servlet/Servlet.class
八月 21, 2015 10:41:21 上午 org.apache.catalina.startup.TaglibUriRule body
資訊: TLD skipped. URI: http://jakarta.apache.org/struts/tags-html-1.0.2 is already defined
八月 21, 2015 10:41:21 上午 org.apache.catalina.startup.TaglibUriRule body
資訊: TLD skipped. URI: http://jakarta.apache.org/struts/tags-html-1.0.2 is already defined
八月 21, 2015 10:41:21 上午 org.apache.catalina.startup.TaglibUriRule body
資訊: TLD skipped. URI: http://jakarta.apache.org/struts/tags-html-1.0.2 is already defined
八月 21, 2015 10:41:21 上午 org.apache.catalina.util.SessionIdGenerator createSecureRandom
資訊: Creation of SecureRandom instance for session ID generation using [SHA1PRNG] took [204] milliseconds.
八月 21, 2015 10:42:21 上午 org.apache.catalina.startup.HostConfig deployDirectory
資訊: Deploying web application directory E:\Tomcat7\webapps\docs
八月 21, 2015 10:42:21 上午 org.apache.catalina.startup.HostConfig deployDirectory
資訊: Deploying web application directory E:\Tomcat7\webapps\examples
八月 21, 2015 10:42:21 上午 org.apache.catalina.startup.HostConfig deployDirectory
資訊: Deploying web application directory E:\Tomcat7\webapps\host-manager
八月 21, 2015 10:42:22 上午 org.apache.catalina.startup.HostConfig deployDirectory
資訊: Deploying web application directory E:\Tomcat7\webapps\manager
八月 21, 2015 10:42:22 上午 org.apache.catalina.startup.HostConfig deployDirectory
資訊: Deploying web application directory E:\Tomcat7\webapps\ROOT
八月 21, 2015 10:42:22 上午 org.apache.coyote.AbstractProtocol start
資訊: Starting ProtocolHandler ["http-apr-8080"]
八月 21, 2015 10:42:22 上午 org.apache.coyote.AbstractProtocol start
資訊: Starting ProtocolHandler ["ajp-apr-8009"]
八月 21, 2015 10:42:22 上午 org.apache.catalina.startup.Catalina start
資訊: Server startup in 65613 ms
八月 21, 2015 10:42:22 上午 org.apache.catalina.loader.WebappClassLoader clearReferencesJdbc
嚴重: The web application [/CSPSWeb] registered the JDBC driver [net.sourceforge.jtds.jdbc.Driver] but failed to unregister it when the web application was stopped. To prevent a memory leak, the JDBC Driver has been forcibly unregistered.
八月 21, 2015 10:42:22 上午 org.apache.catalina.loader.WebappClassLoader clearReferencesThreads
嚴重: The web application [/CSPSWeb] appears to have started a thread named [Timer-0] but has failed to stop it. This is very likely to create a memory leak.
八月 21, 2015 10:42:22 上午 org.apache.catalina.loader.WebappClassLoader clearReferencesThreads
嚴重: The web application [/CSPSWeb] appears to have started a thread named [com.mchange.v2.async.ThreadPoolAsynchronousRunner$PoolThread-#0] but has failed to stop it. This is very likely to create a memory leak.
八月 21, 2015 10:42:22 上午 org.apache.catalina.loader.WebappClassLoader clearReferencesThreads
嚴重: The web application [/CSPSWeb] appears to have started a thread named [com.mchange.v2.async.ThreadPoolAsynchronousRunner$PoolThread-#1] but has failed to stop it. This is very likely to create a memory leak.
八月 21, 2015 10:42:22 上午 org.apache.catalina.loader.WebappClassLoader clearReferencesThreads
嚴重: The web application [/CSPSWeb] appears to have started a thread named [com.mchange.v2.async.ThreadPoolAsynchronousRunner$PoolThread-#2] but has failed to stop it. This is very likely to create a memory leak.
八月 21, 2015 10:42:22 上午 org.apache.catalina.loader.WebappClassLoader checkThreadLocalMapForLeaks
嚴重: The web application [/CSPSWeb] created a ThreadLocal with key of type [java.lang.ThreadLocal] (value [java.lang.ThreadLocal@7a5626]) and a value of type [org.hibernate.impl.SessionImpl] (value [org.hibernate.impl.SessionImpl(<closed>)]) but failed to remove it when the web application was stopped. Threads are going to be renewed over time to try and avoid a probable memory leak.
八月 21, 2015 10:42:24 上午 org.apache.catalina.startup.HostConfig deleteRedeployResources
資訊: Undeploying context [/CSPSWeb]
八月 21, 2015 10:42:27 上午 org.apache.catalina.startup.HostConfig deployWAR
資訊: Deploying web application archive E:\Tomcat7\webapps\CSPSWeb.war
八月 21, 2015 10:43:14 上午 org.apache.catalina.loader.WebappClassLoader validateJarFile
資訊: validateJarFile(E:\Tomcat7\webapps\CSPSWeb\WEB-INF\lib\j2ee-1.4.jar) - jar not loaded. See Servlet Spec 2.3, section 9.7.2. Offending class: javax/servlet/Servlet.class
八月 21, 2015 10:43:14 上午 org.apache.catalina.loader.WebappClassLoader validateJarFile
資訊: validateJarFile(E:\Tomcat7\webapps\CSPSWeb\WEB-INF\lib\javaee-api-5.0-1.jar) - jar not loaded. See Servlet Spec 2.3, section 9.7.2. Offending class: javax/servlet/Servlet.class
八月 21, 2015 10:43:18 上午 org.apache.catalina.startup.TaglibUriRule body
資訊: TLD skipped. URI: http://jakarta.apache.org/struts/tags-html-1.0.2 is already defined
八月 21, 2015 10:43:18 上午 org.apache.catalina.startup.TaglibUriRule body
資訊: TLD skipped. URI: http://jakarta.apache.org/struts/tags-html-1.0.2 is already defined
八月 21, 2015 10:43:18 上午 org.apache.catalina.startup.TaglibUriRule body
資訊: TLD skipped. URI: http://jakarta.apache.org/struts/tags-html-1.0.2 is already defined
八月 21, 2015 10:45:19 上午 org.apache.coyote.AbstractProtocol pause
資訊: Pausing ProtocolHandler ["http-apr-8080"]
八月 21, 2015 10:45:19 上午 org.apache.coyote.AbstractProtocol pause
資訊: Pausing ProtocolHandler ["ajp-apr-8009"]
八月 21, 2015 10:45:19 上午 org.apache.catalina.core.StandardService stopInternal
資訊: Stopping service Catalina
八月 21, 2015 10:45:19 上午 org.apache.catalina.loader.WebappClassLoader clearReferencesJdbc
嚴重: The web application [/CSPSWeb] registered the JDBC driver [net.sourceforge.jtds.jdbc.Driver] but failed to unregister it when the web application was stopped. To prevent a memory leak, the JDBC Driver has been forcibly unregistered.
八月 21, 2015 10:45:19 上午 org.apache.catalina.loader.WebappClassLoader clearReferencesThreads
嚴重: The web application [/CSPSWeb] appears to have started a thread named [Timer-1] but has failed to stop it. This is very likely to create a memory leak.
八月 21, 2015 10:45:19 上午 org.apache.catalina.loader.WebappClassLoader clearReferencesThreads
嚴重: The web application [/CSPSWeb] appears to have started a thread named [com.mchange.v2.async.ThreadPoolAsynchronousRunner$PoolThread-#0] but has failed to stop it. This is very likely to create a memory leak.
八月 21, 2015 10:45:19 上午 org.apache.catalina.loader.WebappClassLoader clearReferencesThreads
嚴重: The web application [/CSPSWeb] appears to have started a thread named [com.mchange.v2.async.ThreadPoolAsynchronousRunner$PoolThread-#1] but has failed to stop it. This is very likely to create a memory leak.
八月 21, 2015 10:45:19 上午 org.apache.catalina.loader.WebappClassLoader clearReferencesThreads
嚴重: The web application [/CSPSWeb] appears to have started a thread named [com.mchange.v2.async.ThreadPoolAsynchronousRunner$PoolThread-#2] but has failed to stop it. This is very likely to create a memory leak.
八月 21, 2015 10:45:19 上午 org.apache.catalina.loader.WebappClassLoader checkThreadLocalMapForLeaks
嚴重: The web application [/CSPSWeb] created a ThreadLocal with key of type [java.lang.ThreadLocal] (value [java.lang.ThreadLocal@1faa8ef]) and a value of type [org.hibernate.impl.SessionImpl] (value [org.hibernate.impl.SessionImpl(<closed>)]) but failed to remove it when the web application was stopped. Threads are going to be renewed over time to try and avoid a probable memory leak.
八月 21, 2015 10:45:19 上午 org.apache.coyote.AbstractProtocol stop
資訊: Stopping ProtocolHandler ["http-apr-8080"]
八月 21, 2015 10:45:19 上午 org.apache.coyote.AbstractProtocol stop
資訊: Stopping ProtocolHandler ["ajp-apr-8009"]
八月 21, 2015 10:46:35 上午 org.apache.catalina.core.AprLifecycleListener init
資訊: Loaded APR based Apache Tomcat Native library 1.1.27 using APR version 1.4.6.
八月 21, 2015 10:46:35 上午 org.apache.catalina.core.AprLifecycleListener init
資訊: APR capabilities: IPv6 [true], sendfile [true], accept filters [false], random [true].
八月 21, 2015 10:46:36 上午 org.apache.catalina.core.AprLifecycleListener initializeSSL
資訊: OpenSSL successfully initialized (OpenSSL 1.0.1d 5 Feb 2013)
八月 21, 2015 10:46:37 上午 org.apache.coyote.AbstractProtocol init
資訊: Initializing ProtocolHandler ["http-apr-8080"]
八月 21, 2015 10:46:37 上午 org.apache.coyote.AbstractProtocol init
資訊: Initializing ProtocolHandler ["ajp-apr-8009"]
八月 21, 2015 10:46:37 上午 org.apache.catalina.startup.Catalina load
資訊: Initialization processed in 1509 ms
八月 21, 2015 10:46:37 上午 org.apache.catalina.core.StandardService startInternal
資訊: Starting service Catalina
八月 21, 2015 10:46:37 上午 org.apache.catalina.core.StandardEngine startInternal
資訊: Starting Servlet Engine: Apache Tomcat/7.0.42
八月 21, 2015 10:46:37 上午 org.apache.catalina.startup.HostConfig deployWAR
資訊: Deploying web application archive E:\Tomcat7\webapps\CSPSWeb.war
八月 21, 2015 10:46:37 上午 org.apache.catalina.loader.WebappClassLoader validateJarFile
資訊: validateJarFile(E:\Tomcat7\webapps\CSPSWeb\WEB-INF\lib\j2ee-1.4.jar) - jar not loaded. See Servlet Spec 2.3, section 9.7.2. Offending class: javax/servlet/Servlet.class
八月 21, 2015 10:46:37 上午 org.apache.catalina.loader.WebappClassLoader validateJarFile
資訊: validateJarFile(E:\Tomcat7\webapps\CSPSWeb\WEB-INF\lib\javaee-api-5.0-1.jar) - jar not loaded. See Servlet Spec 2.3, section 9.7.2. Offending class: javax/servlet/Servlet.class
八月 21, 2015 10:46:41 上午 org.apache.catalina.startup.TaglibUriRule body
資訊: TLD skipped. URI: http://jakarta.apache.org/struts/tags-html-1.0.2 is already defined
八月 21, 2015 10:46:41 上午 org.apache.catalina.startup.TaglibUriRule body
資訊: TLD skipped. URI: http://jakarta.apache.org/struts/tags-html-1.0.2 is already defined
八月 21, 2015 10:46:41 上午 org.apache.catalina.startup.TaglibUriRule body
資訊: TLD skipped. URI: http://jakarta.apache.org/struts/tags-html-1.0.2 is already defined
八月 21, 2015 10:46:42 上午 org.apache.catalina.util.SessionIdGenerator createSecureRandom
資訊: Creation of SecureRandom instance for session ID generation using [SHA1PRNG] took [196] milliseconds.
八月 21, 2015 10:46:55 上午 org.apache.catalina.startup.HostConfig deployDirectory
資訊: Deploying web application directory E:\Tomcat7\webapps\docs
八月 21, 2015 10:46:55 上午 org.apache.catalina.startup.HostConfig deployDirectory
資訊: Deploying web application directory E:\Tomcat7\webapps\examples
八月 21, 2015 10:46:55 上午 org.apache.catalina.startup.HostConfig deployDirectory
資訊: Deploying web application directory E:\Tomcat7\webapps\host-manager
八月 21, 2015 10:46:55 上午 org.apache.catalina.startup.HostConfig deployDirectory
資訊: Deploying web application directory E:\Tomcat7\webapps\manager
八月 21, 2015 10:46:55 上午 org.apache.catalina.startup.HostConfig deployDirectory
資訊: Deploying web application directory E:\Tomcat7\webapps\ROOT
八月 21, 2015 10:46:55 上午 org.apache.coyote.AbstractProtocol start
資訊: Starting ProtocolHandler ["http-apr-8080"]
八月 21, 2015 10:46:55 上午 org.apache.coyote.AbstractProtocol start
資訊: Starting ProtocolHandler ["ajp-apr-8009"]
八月 21, 2015 10:46:55 上午 org.apache.catalina.startup.Catalina start
資訊: Server startup in 18206 ms
八月 21, 2015 10:47:05 上午 org.apache.coyote.AbstractProtocol pause
資訊: Pausing ProtocolHandler ["http-apr-8080"]
八月 21, 2015 10:47:05 上午 org.apache.coyote.AbstractProtocol pause
資訊: Pausing ProtocolHandler ["ajp-apr-8009"]
八月 21, 2015 10:47:05 上午 org.apache.catalina.core.StandardService stopInternal
資訊: Stopping service Catalina
八月 21, 2015 10:47:05 上午 org.apache.catalina.loader.WebappClassLoader clearReferencesJdbc
嚴重: The web application [/CSPSWeb] registered the JDBC driver [net.sourceforge.jtds.jdbc.Driver] but failed to unregister it when the web application was stopped. To prevent a memory leak, the JDBC Driver has been forcibly unregistered.
八月 21, 2015 10:47:05 上午 org.apache.catalina.loader.WebappClassLoader clearReferencesThreads
嚴重: The web application [/CSPSWeb] appears to have started a thread named [Timer-0] but has failed to stop it. This is very likely to create a memory leak.
八月 21, 2015 10:47:05 上午 org.apache.catalina.loader.WebappClassLoader clearReferencesThreads
嚴重: The web application [/CSPSWeb] appears to have started a thread named [com.mchange.v2.async.ThreadPoolAsynchronousRunner$PoolThread-#0] but has failed to stop it. This is very likely to create a memory leak.
八月 21, 2015 10:47:05 上午 org.apache.catalina.loader.WebappClassLoader clearReferencesThreads
嚴重: The web application [/CSPSWeb] appears to have started a thread named [com.mchange.v2.async.ThreadPoolAsynchronousRunner$PoolThread-#1] but has failed to stop it. This is very likely to create a memory leak.
八月 21, 2015 10:47:05 上午 org.apache.catalina.loader.WebappClassLoader clearReferencesThreads
嚴重: The web application [/CSPSWeb] appears to have started a thread named [com.mchange.v2.async.ThreadPoolAsynchronousRunner$PoolThread-#2] but has failed to stop it. This is very likely to create a memory leak.
八月 21, 2015 10:47:05 上午 org.apache.coyote.AbstractProtocol stop
資訊: Stopping ProtocolHandler ["http-apr-8080"]
八月 21, 2015 10:47:05 上午 org.apache.coyote.AbstractProtocol stop
資訊: Stopping ProtocolHandler ["ajp-apr-8009"]
八月 21, 2015 10:51:03 上午 org.apache.catalina.core.AprLifecycleListener init
資訊: Loaded APR based Apache Tomcat Native library 1.1.27 using APR version 1.4.6.
八月 21, 2015 10:51:03 上午 org.apache.catalina.core.AprLifecycleListener init
資訊: APR capabilities: IPv6 [true], sendfile [true], accept filters [false], random [true].
八月 21, 2015 10:51:05 上午 org.apache.catalina.core.AprLifecycleListener initializeSSL
資訊: OpenSSL successfully initialized (OpenSSL 1.0.1d 5 Feb 2013)
八月 21, 2015 10:51:05 上午 org.apache.coyote.AbstractProtocol init
資訊: Initializing ProtocolHandler ["http-apr-8080"]
八月 21, 2015 10:51:05 上午 org.apache.coyote.AbstractProtocol init
資訊: Initializing ProtocolHandler ["ajp-apr-8009"]
八月 21, 2015 10:51:05 上午 org.apache.catalina.startup.Catalina load
資訊: Initialization processed in 1542 ms
八月 21, 2015 10:51:05 上午 org.apache.catalina.core.StandardService startInternal
資訊: Starting service Catalina
八月 21, 2015 10:51:05 上午 org.apache.catalina.core.StandardEngine startInternal
資訊: Starting Servlet Engine: Apache Tomcat/7.0.42
八月 21, 2015 10:51:05 上午 org.apache.catalina.startup.HostConfig deployWAR
資訊: Deploying web application archive E:\Tomcat7\webapps\CSPSWeb.war
八月 21, 2015 10:51:05 上午 org.apache.catalina.loader.WebappClassLoader validateJarFile
資訊: validateJarFile(E:\Tomcat7\webapps\CSPSWeb\WEB-INF\lib\j2ee-1.4.jar) - jar not loaded. See Servlet Spec 2.3, section 9.7.2. Offending class: javax/servlet/Servlet.class
八月 21, 2015 10:51:05 上午 org.apache.catalina.loader.WebappClassLoader validateJarFile
資訊: validateJarFile(E:\Tomcat7\webapps\CSPSWeb\WEB-INF\lib\javaee-api-5.0-1.jar) - jar not loaded. See Servlet Spec 2.3, section 9.7.2. Offending class: javax/servlet/Servlet.class
八月 21, 2015 10:51:09 上午 org.apache.catalina.startup.TaglibUriRule body
資訊: TLD skipped. URI: http://jakarta.apache.org/struts/tags-html-1.0.2 is already defined
八月 21, 2015 10:51:09 上午 org.apache.catalina.startup.TaglibUriRule body
資訊: TLD skipped. URI: http://jakarta.apache.org/struts/tags-html-1.0.2 is already defined
八月 21, 2015 10:51:10 上午 org.apache.catalina.startup.TaglibUriRule body
資訊: TLD skipped. URI: http://jakarta.apache.org/struts/tags-html-1.0.2 is already defined
八月 21, 2015 10:51:10 上午 org.apache.catalina.util.SessionIdGenerator createSecureRandom
資訊: Creation of SecureRandom instance for session ID generation using [SHA1PRNG] took [225] milliseconds.
八月 21, 2015 10:51:25 上午 org.apache.catalina.startup.HostConfig deployDirectory
資訊: Deploying web application directory E:\Tomcat7\webapps\docs
八月 21, 2015 10:51:25 上午 org.apache.catalina.startup.HostConfig deployDirectory
資訊: Deploying web application directory E:\Tomcat7\webapps\examples
八月 21, 2015 10:51:25 上午 org.apache.catalina.startup.HostConfig deployDirectory
資訊: Deploying web application directory E:\Tomcat7\webapps\host-manager
八月 21, 2015 10:51:25 上午 org.apache.catalina.startup.HostConfig deployDirectory
資訊: Deploying web application directory E:\Tomcat7\webapps\manager
八月 21, 2015 10:51:25 上午 org.apache.catalina.startup.HostConfig deployDirectory
資訊: Deploying web application directory E:\Tomcat7\webapps\ROOT
八月 21, 2015 10:51:25 上午 org.apache.coyote.AbstractProtocol start
資訊: Starting ProtocolHandler ["http-apr-8080"]
八月 21, 2015 10:51:25 上午 org.apache.coyote.AbstractProtocol start
資訊: Starting ProtocolHandler ["ajp-apr-8009"]
八月 21, 2015 10:51:25 上午 org.apache.catalina.startup.Catalina start
資訊: Server startup in 20585 ms
八月 21, 2015 10:51:25 上午 org.apache.coyote.AbstractProtocol pause
資訊: Pausing ProtocolHandler ["http-apr-8080"]
八月 21, 2015 10:51:25 上午 org.apache.coyote.AbstractProtocol pause
資訊: Pausing ProtocolHandler ["ajp-apr-8009"]
八月 21, 2015 10:51:25 上午 org.apache.catalina.core.StandardService stopInternal
資訊: Stopping service Catalina
八月 21, 2015 10:51:25 上午 org.apache.catalina.loader.WebappClassLoader clearReferencesJdbc
嚴重: The web application [/CSPSWeb] registered the JDBC driver [net.sourceforge.jtds.jdbc.Driver] but failed to unregister it when the web application was stopped. To prevent a memory leak, the JDBC Driver has been forcibly unregistered.
八月 21, 2015 10:51:25 上午 org.apache.catalina.loader.WebappClassLoader clearReferencesThreads
嚴重: The web application [/CSPSWeb] appears to have started a thread named [Timer-0] but has failed to stop it. This is very likely to create a memory leak.
八月 21, 2015 10:51:25 上午 org.apache.catalina.loader.WebappClassLoader clearReferencesThreads
嚴重: The web application [/CSPSWeb] appears to have started a thread named [com.mchange.v2.async.ThreadPoolAsynchronousRunner$PoolThread-#0] but has failed to stop it. This is very likely to create a memory leak.
八月 21, 2015 10:51:25 上午 org.apache.catalina.loader.WebappClassLoader clearReferencesThreads
嚴重: The web application [/CSPSWeb] appears to have started a thread named [com.mchange.v2.async.ThreadPoolAsynchronousRunner$PoolThread-#1] but has failed to stop it. This is very likely to create a memory leak.
八月 21, 2015 10:51:25 上午 org.apache.catalina.loader.WebappClassLoader clearReferencesThreads
嚴重: The web application [/CSPSWeb] appears to have started a thread named [com.mchange.v2.async.ThreadPoolAsynchronousRunner$PoolThread-#2] but has failed to stop it. This is very likely to create a memory leak.
八月 21, 2015 10:51:25 上午 org.apache.catalina.loader.WebappClassLoader checkThreadLocalMapForLeaks
嚴重: The web application [/CSPSWeb] created a ThreadLocal with key of type [java.lang.ThreadLocal] (value [java.lang.ThreadLocal@12c1b99]) and a value of type [org.hibernate.impl.SessionImpl] (value [org.hibernate.impl.SessionImpl(<closed>)]) but failed to remove it when the web application was stopped. Threads are going to be renewed over time to try and avoid a probable memory leak.
八月 21, 2015 10:51:25 上午 org.apache.coyote.AbstractProtocol stop
資訊: Stopping ProtocolHandler ["http-apr-8080"]
八月 21, 2015 10:51:26 上午 org.apache.coyote.AbstractProtocol stop
資訊: Stopping ProtocolHandler ["ajp-apr-8009"]
