[2015-08-21 01:11:46] [debug] ( prunsrv.c:1679) [10140] Commons Daemon procrun log initialized
[2015-08-21 01:11:46] [info]  ( prunsrv.c:1683) [10140] Commons Daemon procrun (1.0.15.0 32-bit) started
[2015-08-21 01:11:46] [info]  ( prunsrv.c:1596) [10140] Running 'Tomcat7' Service...
[2015-08-21 01:11:46] [debug] ( prunsrv.c:1374) [ 8820] Inside ServiceMain...
[2015-08-21 01:11:46] [debug] ( prunsrv.c:844 ) [ 8820] reportServiceStatusE: 2, 0, 3000, 0
[2015-08-21 01:11:46] [info]  ( prunsrv.c:1127) [ 8820] Starting service...
[2015-08-21 01:11:47] [debug] ( javajni.c:233 ) [ 8820] loading jvm 'C:\Program Files (x86)\Java\jre1.8.0_51\bin\client\jvm.dll'
[2015-08-21 01:11:47] [debug] ( javajni.c:704 ) [ 5896] Jvm Option[0] -Dcatalina.base=E:\Tomcat7
[2015-08-21 01:11:47] [debug] ( javajni.c:704 ) [ 5896] Jvm Option[1] -Dcatalina.home=E:\Tomcat7
[2015-08-21 01:11:47] [debug] ( javajni.c:704 ) [ 5896] Jvm Option[2] -Djava.endorsed.dirs=E:\Tomcat7\endorsed
[2015-08-21 01:11:47] [debug] ( javajni.c:704 ) [ 5896] Jvm Option[3] -Djava.io.tmpdir=E:\Tomcat7\temp
[2015-08-21 01:11:47] [debug] ( javajni.c:704 ) [ 5896] Jvm Option[4] -Djava.util.logging.manager=org.apache.juli.ClassLoaderLogManager
[2015-08-21 01:11:47] [debug] ( javajni.c:704 ) [ 5896] Jvm Option[5] -Djava.util.logging.config.file=E:\Tomcat7\conf\logging.properties
[2015-08-21 01:11:47] [debug] ( javajni.c:704 ) [ 5896] Jvm Option[6] exit
[2015-08-21 01:11:47] [debug] ( javajni.c:704 ) [ 5896] Jvm Option[7] -Xms128m
[2015-08-21 01:11:47] [debug] ( javajni.c:704 ) [ 5896] Jvm Option[8] -Xmx1024m
[2015-08-21 01:11:47] [error] ( javajni.c:863 ) [ 5896] FindClass org/apache/catalina/startup/Bootstrap failed
[2015-08-21 01:11:47] [debug] ( javajni.c:964 ) [ 5896] Java Worker thread finished org/apache/catalina/startup/Bootstrap:main with status=3
[2015-08-21 01:11:47] [error] ( prunsrv.c:1183) [ 8820] Failed to start Java
[2015-08-21 01:11:47] [error] ( prunsrv.c:1536) [ 8820] ServiceStart returned 4
[2015-08-21 01:11:47] [debug] ( prunsrv.c:844 ) [ 8820] reportServiceStatusE: 1, 1066, 0, 4
[2015-08-21 01:11:47] [info]  ( prunsrv.c:1598) [10140] Run service finished.
[2015-08-21 01:11:47] [info]  ( prunsrv.c:1764) [10140] Commons Daemon procrun finished
[2015-08-21 01:14:17] [debug] ( prunsrv.c:1679) [12540] Commons Daemon procrun log initialized
[2015-08-21 01:14:17] [info]  ( prunsrv.c:1683) [12540] Commons Daemon procrun (1.0.15.0 32-bit) started
[2015-08-21 01:14:17] [info]  ( prunsrv.c:1596) [12540] Running 'Tomcat7' Service...
[2015-08-21 01:14:17] [debug] ( prunsrv.c:1374) [ 8840] Inside ServiceMain...
[2015-08-21 01:14:17] [debug] ( prunsrv.c:844 ) [ 8840] reportServiceStatusE: 2, 0, 3000, 0
[2015-08-21 01:14:17] [info]  ( prunsrv.c:1127) [ 8840] Starting service...
[2015-08-21 01:14:17] [debug] ( javajni.c:233 ) [ 8840] loading jvm 'C:\Program Files (x86)\Java\jre1.8.0_51\bin\client\jvm.dll'
[2015-08-21 01:14:17] [debug] ( javajni.c:704 ) [ 5832] Jvm Option[0] -Dcatalina.base=E:\Tomcat7
[2015-08-21 01:14:17] [debug] ( javajni.c:704 ) [ 5832] Jvm Option[1] -Dcatalina.home=E:\Tomcat7
[2015-08-21 01:14:17] [debug] ( javajni.c:704 ) [ 5832] Jvm Option[2] -Djava.endorsed.dirs=E:\Tomcat7\endorsed
[2015-08-21 01:14:17] [debug] ( javajni.c:704 ) [ 5832] Jvm Option[3] -Djava.io.tmpdir=E:\Tomcat7\temp
[2015-08-21 01:14:17] [debug] ( javajni.c:704 ) [ 5832] Jvm Option[4] -Djava.util.logging.manager=org.apache.juli.ClassLoaderLogManager
[2015-08-21 01:14:17] [debug] ( javajni.c:704 ) [ 5832] Jvm Option[5] -Djava.util.logging.config.file=E:\Tomcat7\conf\logging.properties
[2015-08-21 01:14:17] [debug] ( javajni.c:704 ) [ 5832] Jvm Option[6] exit
[2015-08-21 01:14:17] [debug] ( javajni.c:704 ) [ 5832] Jvm Option[7] -Xms128m
[2015-08-21 01:14:17] [debug] ( javajni.c:704 ) [ 5832] Jvm Option[8] -Xmx1024m
[2015-08-21 01:14:17] [error] ( javajni.c:863 ) [ 5832] FindClass org/apache/catalina/startup/Bootstrap failed
[2015-08-21 01:14:17] [debug] ( javajni.c:964 ) [ 5832] Java Worker thread finished org/apache/catalina/startup/Bootstrap:main with status=3
[2015-08-21 01:14:17] [error] ( prunsrv.c:1183) [ 8840] Failed to start Java
[2015-08-21 01:14:17] [error] ( prunsrv.c:1536) [ 8840] ServiceStart returned 4
[2015-08-21 01:14:17] [debug] ( prunsrv.c:844 ) [ 8840] reportServiceStatusE: 1, 1066, 0, 4
[2015-08-21 01:14:17] [info]  ( prunsrv.c:1598) [12540] Run service finished.
[2015-08-21 01:14:18] [info]  ( prunsrv.c:1764) [12540] Commons Daemon procrun finished
[2015-08-21 01:15:43] [debug] ( prunsrv.c:1679) [ 9280] Commons Daemon procrun log initialized
[2015-08-21 01:15:43] [info]  ( prunsrv.c:1683) [ 9280] Commons Daemon procrun (1.0.15.0 32-bit) started
[2015-08-21 01:15:43] [info]  ( prunsrv.c:1596) [ 9280] Running 'Tomcat7' Service...
[2015-08-21 01:15:43] [debug] ( prunsrv.c:1374) [10968] Inside ServiceMain...
[2015-08-21 01:15:43] [debug] ( prunsrv.c:844 ) [10968] reportServiceStatusE: 2, 0, 3000, 0
[2015-08-21 01:15:43] [info]  ( prunsrv.c:1127) [10968] Starting service...
[2015-08-21 01:15:43] [debug] ( javajni.c:233 ) [10968] loading jvm 'C:\Program Files (x86)\Java\jre1.8.0_51\bin\client\jvm.dll'
[2015-08-21 01:15:43] [debug] ( javajni.c:704 ) [ 9992] Jvm Option[0] -Dcatalina.base=E:\Tomcat7
[2015-08-21 01:15:43] [debug] ( javajni.c:704 ) [ 9992] Jvm Option[1] -Dcatalina.home=E:\Tomcat7
[2015-08-21 01:15:43] [debug] ( javajni.c:704 ) [ 9992] Jvm Option[2] -Djava.endorsed.dirs=E:\Tomcat7\endorsed
[2015-08-21 01:15:43] [debug] ( javajni.c:704 ) [ 9992] Jvm Option[3] -Djava.io.tmpdir=E:\Tomcat7\temp
[2015-08-21 01:15:43] [debug] ( javajni.c:704 ) [ 9992] Jvm Option[4] -Djava.util.logging.manager=org.apache.juli.ClassLoaderLogManager
[2015-08-21 01:15:43] [debug] ( javajni.c:704 ) [ 9992] Jvm Option[5] -Djava.util.logging.config.file=E:\Tomcat7\conf\logging.properties
[2015-08-21 01:15:43] [debug] ( javajni.c:704 ) [ 9992] Jvm Option[6] exit
[2015-08-21 01:15:43] [debug] ( javajni.c:704 ) [ 9992] Jvm Option[7] -Xms128m
[2015-08-21 01:15:43] [debug] ( javajni.c:704 ) [ 9992] Jvm Option[8] -Xmx1024m
[2015-08-21 01:15:43] [error] ( javajni.c:863 ) [ 9992] FindClass org/apache/catalina/startup/Bootstrap failed
[2015-08-21 01:15:43] [debug] ( javajni.c:964 ) [ 9992] Java Worker thread finished org/apache/catalina/startup/Bootstrap:main with status=3
[2015-08-21 01:15:44] [error] ( prunsrv.c:1183) [10968] Failed to start Java
[2015-08-21 01:15:44] [error] ( prunsrv.c:1536) [10968] ServiceStart returned 4
[2015-08-21 01:15:44] [debug] ( prunsrv.c:844 ) [10968] reportServiceStatusE: 1, 1066, 0, 4
[2015-08-21 01:15:44] [info]  ( prunsrv.c:1598) [ 9280] Run service finished.
[2015-08-21 01:15:44] [info]  ( prunsrv.c:1764) [ 9280] Commons Daemon procrun finished
[2015-08-21 01:16:26] [debug] ( prunsrv.c:1679) [ 9200] Commons Daemon procrun log initialized
[2015-08-21 01:16:26] [info]  ( prunsrv.c:1683) [ 9200] Commons Daemon procrun (1.0.15.0 32-bit) started
[2015-08-21 01:16:26] [info]  ( prunsrv.c:1596) [ 9200] Running 'Tomcat7' Service...
[2015-08-21 01:16:26] [debug] ( prunsrv.c:1374) [ 6204] Inside ServiceMain...
[2015-08-21 01:16:26] [debug] ( prunsrv.c:844 ) [ 6204] reportServiceStatusE: 2, 0, 3000, 0
[2015-08-21 01:16:26] [info]  ( prunsrv.c:1127) [ 6204] Starting service...
[2015-08-21 01:16:26] [debug] ( javajni.c:233 ) [ 6204] loading jvm 'C:\Program Files (x86)\Java\jre1.8.0_51\bin\client\jvm.dll'
[2015-08-21 01:16:26] [debug] ( javajni.c:704 ) [ 4456] Jvm Option[0] -Dcatalina.base=E:\Tomcat7
[2015-08-21 01:16:26] [debug] ( javajni.c:704 ) [ 4456] Jvm Option[1] -Dcatalina.home=E:\Tomcat7
[2015-08-21 01:16:26] [debug] ( javajni.c:704 ) [ 4456] Jvm Option[2] -Djava.endorsed.dirs=E:\Tomcat7\endorsed
[2015-08-21 01:16:26] [debug] ( javajni.c:704 ) [ 4456] Jvm Option[3] -Djava.io.tmpdir=E:\Tomcat7\temp
[2015-08-21 01:16:26] [debug] ( javajni.c:704 ) [ 4456] Jvm Option[4] -Djava.util.logging.manager=org.apache.juli.ClassLoaderLogManager
[2015-08-21 01:16:26] [debug] ( javajni.c:704 ) [ 4456] Jvm Option[5] -Djava.util.logging.config.file=E:\Tomcat7\conf\logging.properties
[2015-08-21 01:16:26] [debug] ( javajni.c:704 ) [ 4456] Jvm Option[6] exit
[2015-08-21 01:16:26] [debug] ( javajni.c:704 ) [ 4456] Jvm Option[7] -Xms128m
[2015-08-21 01:16:26] [debug] ( javajni.c:704 ) [ 4456] Jvm Option[8] -Xmx1024m
[2015-08-21 01:16:26] [error] ( javajni.c:863 ) [ 4456] FindClass org/apache/catalina/startup/Bootstrap failed
[2015-08-21 01:16:26] [debug] ( javajni.c:964 ) [ 4456] Java Worker thread finished org/apache/catalina/startup/Bootstrap:main with status=3
[2015-08-21 01:16:26] [error] ( prunsrv.c:1183) [ 6204] Failed to start Java
[2015-08-21 01:16:26] [error] ( prunsrv.c:1536) [ 6204] ServiceStart returned 4
[2015-08-21 01:16:26] [debug] ( prunsrv.c:844 ) [ 6204] reportServiceStatusE: 1, 1066, 0, 4
[2015-08-21 01:16:26] [info]  ( prunsrv.c:1598) [ 9200] Run service finished.
[2015-08-21 01:16:26] [info]  ( prunsrv.c:1764) [ 9200] Commons Daemon procrun finished
[2015-08-21 01:17:20] [debug] ( prunsrv.c:1679) [ 6284] Commons Daemon procrun log initialized
[2015-08-21 01:17:20] [info]  ( prunsrv.c:1683) [ 6284] Commons Daemon procrun (1.0.15.0 32-bit) started
[2015-08-21 01:17:20] [info]  ( prunsrv.c:1596) [ 6284] Running 'Tomcat7' Service...
[2015-08-21 01:17:20] [debug] ( prunsrv.c:1374) [10836] Inside ServiceMain...
[2015-08-21 01:17:20] [debug] ( prunsrv.c:844 ) [10836] reportServiceStatusE: 2, 0, 3000, 0
[2015-08-21 01:17:20] [info]  ( prunsrv.c:1127) [10836] Starting service...
[2015-08-21 01:17:20] [debug] ( javajni.c:233 ) [10836] loading jvm 'C:\Program Files (x86)\Java\jre1.8.0_51\bin\client\jvm.dll'
[2015-08-21 01:17:20] [debug] ( javajni.c:704 ) [ 2888] Jvm Option[0] -Dcatalina.base=E:\Tomcat7
[2015-08-21 01:17:20] [debug] ( javajni.c:704 ) [ 2888] Jvm Option[1] -Dcatalina.home=E:\Tomcat7
[2015-08-21 01:17:20] [debug] ( javajni.c:704 ) [ 2888] Jvm Option[2] -Djava.endorsed.dirs=E:\Tomcat7\endorsed
[2015-08-21 01:17:20] [debug] ( javajni.c:704 ) [ 2888] Jvm Option[3] -Djava.io.tmpdir=E:\Tomcat7\temp
[2015-08-21 01:17:20] [debug] ( javajni.c:704 ) [ 2888] Jvm Option[4] -Djava.util.logging.manager=org.apache.juli.ClassLoaderLogManager
[2015-08-21 01:17:20] [debug] ( javajni.c:704 ) [ 2888] Jvm Option[5] -Djava.util.logging.config.file=E:\Tomcat7\conf\logging.properties
[2015-08-21 01:17:20] [debug] ( javajni.c:704 ) [ 2888] Jvm Option[6] exit
[2015-08-21 01:17:20] [debug] ( javajni.c:704 ) [ 2888] Jvm Option[7] -Xms128m
[2015-08-21 01:17:20] [debug] ( javajni.c:704 ) [ 2888] Jvm Option[8] -Xmx1024m
[2015-08-21 01:17:20] [error] ( javajni.c:863 ) [ 2888] FindClass org/apache/catalina/startup/Bootstrap failed
[2015-08-21 01:17:20] [debug] ( javajni.c:964 ) [ 2888] Java Worker thread finished org/apache/catalina/startup/Bootstrap:main with status=3
[2015-08-21 01:17:20] [error] ( prunsrv.c:1183) [10836] Failed to start Java
[2015-08-21 01:17:20] [error] ( prunsrv.c:1536) [10836] ServiceStart returned 4
[2015-08-21 01:17:20] [debug] ( prunsrv.c:844 ) [10836] reportServiceStatusE: 1, 1066, 0, 4
[2015-08-21 01:17:20] [info]  ( prunsrv.c:1598) [ 6284] Run service finished.
[2015-08-21 01:17:20] [info]  ( prunsrv.c:1764) [ 6284] Commons Daemon procrun finished
[2015-08-21 01:21:09] [debug] ( prunsrv.c:1679) [ 8024] Commons Daemon procrun log initialized
[2015-08-21 01:21:09] [info]  ( prunsrv.c:1683) [ 8024] Commons Daemon procrun (1.0.15.0 32-bit) started
[2015-08-21 01:21:09] [info]  ( prunsrv.c:1596) [ 8024] Running 'Tomcat7' Service...
[2015-08-21 01:21:09] [debug] ( prunsrv.c:1374) [12128] Inside ServiceMain...
[2015-08-21 01:21:09] [debug] ( prunsrv.c:844 ) [12128] reportServiceStatusE: 2, 0, 3000, 0
[2015-08-21 01:21:09] [info]  ( prunsrv.c:1127) [12128] Starting service...
[2015-08-21 01:21:09] [debug] ( javajni.c:233 ) [12128] loading jvm 'C:\Program Files (x86)\Java\java1.5\jre\bin\classic\jvm.dll'
[2015-08-21 01:21:09] [debug] ( javajni.c:704 ) [ 9572] Jvm Option[0] -Dcatalina.base=E:\Tomcat7
[2015-08-21 01:21:09] [debug] ( javajni.c:704 ) [ 9572] Jvm Option[1] -Dcatalina.home=E:\Tomcat7
[2015-08-21 01:21:09] [debug] ( javajni.c:704 ) [ 9572] Jvm Option[2] -Djava.endorsed.dirs=E:\Tomcat7\endorsed
[2015-08-21 01:21:09] [debug] ( javajni.c:704 ) [ 9572] Jvm Option[3] -Djava.io.tmpdir=E:\Tomcat7\temp
[2015-08-21 01:21:09] [debug] ( javajni.c:704 ) [ 9572] Jvm Option[4] -Djava.util.logging.manager=org.apache.juli.ClassLoaderLogManager
[2015-08-21 01:21:09] [debug] ( javajni.c:704 ) [ 9572] Jvm Option[5] -Djava.util.logging.config.file=E:\Tomcat7\conf\logging.properties
[2015-08-21 01:21:09] [debug] ( javajni.c:704 ) [ 9572] Jvm Option[6] exit
[2015-08-21 01:21:09] [debug] ( javajni.c:704 ) [ 9572] Jvm Option[7] -Xms128m
[2015-08-21 01:21:09] [debug] ( javajni.c:704 ) [ 9572] Jvm Option[8] -Xmx1024m
[2015-08-21 01:21:10] [error] ( javajni.c:863 ) [ 9572] FindClass org/apache/catalina/startup/Bootstrap failed
[2015-08-21 01:21:10] [debug] ( javajni.c:964 ) [ 9572] Java Worker thread finished org/apache/catalina/startup/Bootstrap:main with status=3
[2015-08-21 01:21:10] [error] ( prunsrv.c:1183) [12128] Failed to start Java
[2015-08-21 01:21:10] [error] ( prunsrv.c:1536) [12128] ServiceStart returned 4
[2015-08-21 01:21:10] [debug] ( prunsrv.c:844 ) [12128] reportServiceStatusE: 1, 1066, 0, 4
[2015-08-21 01:21:10] [info]  ( prunsrv.c:1598) [ 8024] Run service finished.
[2015-08-21 01:21:10] [info]  ( prunsrv.c:1764) [ 8024] Commons Daemon procrun finished
[2015-08-21 01:21:29] [debug] ( prunsrv.c:1679) [12612] Commons Daemon procrun log initialized
[2015-08-21 01:21:29] [info]  ( prunsrv.c:1683) [12612] Commons Daemon procrun (1.0.15.0 32-bit) started
[2015-08-21 01:21:29] [info]  ( prunsrv.c:1596) [12612] Running 'Tomcat7' Service...
[2015-08-21 01:21:29] [debug] ( prunsrv.c:1374) [ 5140] Inside ServiceMain...
[2015-08-21 01:21:30] [debug] ( prunsrv.c:844 ) [ 5140] reportServiceStatusE: 2, 0, 3000, 0
[2015-08-21 01:21:30] [info]  ( prunsrv.c:1127) [ 5140] Starting service...
[2015-08-21 01:21:30] [debug] ( javajni.c:233 ) [ 5140] loading jvm 'C:\Program Files (x86)\Java\java1.6\jre\bin\classic\jvm.dll'
[2015-08-21 01:21:30] [debug] ( javajni.c:704 ) [ 8816] Jvm Option[0] -Dcatalina.base=E:\Tomcat7
[2015-08-21 01:21:30] [debug] ( javajni.c:704 ) [ 8816] Jvm Option[1] -Dcatalina.home=E:\Tomcat7
[2015-08-21 01:21:30] [debug] ( javajni.c:704 ) [ 8816] Jvm Option[2] -Djava.endorsed.dirs=E:\Tomcat7\endorsed
[2015-08-21 01:21:30] [debug] ( javajni.c:704 ) [ 8816] Jvm Option[3] -Djava.io.tmpdir=E:\Tomcat7\temp
[2015-08-21 01:21:30] [debug] ( javajni.c:704 ) [ 8816] Jvm Option[4] -Djava.util.logging.manager=org.apache.juli.ClassLoaderLogManager
[2015-08-21 01:21:30] [debug] ( javajni.c:704 ) [ 8816] Jvm Option[5] -Djava.util.logging.config.file=E:\Tomcat7\conf\logging.properties
[2015-08-21 01:21:30] [debug] ( javajni.c:704 ) [ 8816] Jvm Option[6] exit
[2015-08-21 01:21:30] [debug] ( javajni.c:704 ) [ 8816] Jvm Option[7] -Xms128m
[2015-08-21 01:21:30] [debug] ( javajni.c:704 ) [ 8816] Jvm Option[8] -Xmx1024m
[2015-08-21 01:21:30] [error] ( javajni.c:863 ) [ 8816] FindClass org/apache/catalina/startup/Bootstrap failed
[2015-08-21 01:21:30] [debug] ( javajni.c:964 ) [ 8816] Java Worker thread finished org/apache/catalina/startup/Bootstrap:main with status=3
[2015-08-21 01:21:30] [error] ( prunsrv.c:1183) [ 5140] Failed to start Java
[2015-08-21 01:21:30] [error] ( prunsrv.c:1536) [ 5140] ServiceStart returned 4
[2015-08-21 01:21:30] [debug] ( prunsrv.c:844 ) [ 5140] reportServiceStatusE: 1, 1066, 0, 4
[2015-08-21 01:21:30] [info]  ( prunsrv.c:1598) [12612] Run service finished.
[2015-08-21 01:21:30] [info]  ( prunsrv.c:1764) [12612] Commons Daemon procrun finished
[2015-08-21 01:21:42] [debug] ( prunsrv.c:1679) [ 9416] Commons Daemon procrun log initialized
[2015-08-21 01:21:42] [info]  ( prunsrv.c:1683) [ 9416] Commons Daemon procrun (1.0.15.0 32-bit) started
[2015-08-21 01:21:42] [info]  ( prunsrv.c:1596) [ 9416] Running 'Tomcat7' Service...
[2015-08-21 01:21:42] [debug] ( prunsrv.c:1374) [ 8128] Inside ServiceMain...
[2015-08-21 01:21:42] [debug] ( prunsrv.c:844 ) [ 8128] reportServiceStatusE: 2, 0, 3000, 0
[2015-08-21 01:21:42] [info]  ( prunsrv.c:1127) [ 8128] Starting service...
[2015-08-21 01:21:43] [debug] ( javajni.c:233 ) [ 8128] loading jvm 'C:\Program Files (x86)\Java\java1.6\jre\bin\classic\jvm.dll'
[2015-08-21 01:21:43] [debug] ( javajni.c:704 ) [13492] Jvm Option[0] -Dcatalina.base=E:\Tomcat7
[2015-08-21 01:21:43] [debug] ( javajni.c:704 ) [13492] Jvm Option[1] -Dcatalina.home=E:\Tomcat7
[2015-08-21 01:21:43] [debug] ( javajni.c:704 ) [13492] Jvm Option[2] -Djava.endorsed.dirs=E:\Tomcat7\endorsed
[2015-08-21 01:21:43] [debug] ( javajni.c:704 ) [13492] Jvm Option[3] -Djava.io.tmpdir=E:\Tomcat7\temp
[2015-08-21 01:21:43] [debug] ( javajni.c:704 ) [13492] Jvm Option[4] -Djava.util.logging.manager=org.apache.juli.ClassLoaderLogManager
[2015-08-21 01:21:43] [debug] ( javajni.c:704 ) [13492] Jvm Option[5] -Djava.util.logging.config.file=E:\Tomcat7\conf\logging.properties
[2015-08-21 01:21:43] [debug] ( javajni.c:704 ) [13492] Jvm Option[6] exit
[2015-08-21 01:21:43] [debug] ( javajni.c:704 ) [13492] Jvm Option[7] -Xms128m
[2015-08-21 01:21:43] [debug] ( javajni.c:704 ) [13492] Jvm Option[8] -Xmx1024m
[2015-08-21 01:21:43] [error] ( javajni.c:863 ) [13492] FindClass org/apache/catalina/startup/Bootstrap failed
[2015-08-21 01:21:43] [debug] ( javajni.c:964 ) [13492] Java Worker thread finished org/apache/catalina/startup/Bootstrap:main with status=3
[2015-08-21 01:21:43] [error] ( prunsrv.c:1183) [ 8128] Failed to start Java
[2015-08-21 01:21:43] [error] ( prunsrv.c:1536) [ 8128] ServiceStart returned 4
[2015-08-21 01:21:43] [debug] ( prunsrv.c:844 ) [ 8128] reportServiceStatusE: 1, 1066, 0, 4
[2015-08-21 01:21:43] [info]  ( prunsrv.c:1598) [ 9416] Run service finished.
[2015-08-21 01:21:43] [info]  ( prunsrv.c:1764) [ 9416] Commons Daemon procrun finished
[2015-08-21 01:24:53] [debug] ( prunsrv.c:1679) [ 4516] Commons Daemon procrun log initialized
[2015-08-21 01:24:53] [info]  ( prunsrv.c:1683) [ 4516] Commons Daemon procrun (1.0.15.0 32-bit) started
[2015-08-21 01:24:53] [info]  ( prunsrv.c:1596) [ 4516] Running 'Tomcat7' Service...
[2015-08-21 01:24:53] [debug] ( prunsrv.c:1374) [12800] Inside ServiceMain...
[2015-08-21 01:24:53] [debug] ( prunsrv.c:844 ) [12800] reportServiceStatusE: 2, 0, 3000, 0
[2015-08-21 01:24:53] [info]  ( prunsrv.c:1127) [12800] Starting service...
[2015-08-21 01:24:53] [debug] ( javajni.c:233 ) [12800] loading jvm 'C:\Program Files (x86)\Java\java1.6\jre\bin\classic\jvm.dll'
[2015-08-21 01:24:53] [debug] ( javajni.c:704 ) [ 5816] Jvm Option[0] -Dcatalina.base=E:\Tomcat7
[2015-08-21 01:24:53] [debug] ( javajni.c:704 ) [ 5816] Jvm Option[1] -Dcatalina.home=E:\Tomcat7
[2015-08-21 01:24:53] [debug] ( javajni.c:704 ) [ 5816] Jvm Option[2] -Djava.endorsed.dirs=E:\Tomcat7\endorsed
[2015-08-21 01:24:53] [debug] ( javajni.c:704 ) [ 5816] Jvm Option[3] -Djava.io.tmpdir=E:\Tomcat7\temp
[2015-08-21 01:24:53] [debug] ( javajni.c:704 ) [ 5816] Jvm Option[4] -Djava.util.logging.manager=org.apache.juli.ClassLoaderLogManager
[2015-08-21 01:24:53] [debug] ( javajni.c:704 ) [ 5816] Jvm Option[5] -Djava.util.logging.config.file=E:\Tomcat7\conf\logging.properties
[2015-08-21 01:24:53] [debug] ( javajni.c:704 ) [ 5816] Jvm Option[6] exit
[2015-08-21 01:24:53] [debug] ( javajni.c:704 ) [ 5816] Jvm Option[7] -Xms128m
[2015-08-21 01:24:53] [debug] ( javajni.c:704 ) [ 5816] Jvm Option[8] -Xmx1024m
[2015-08-21 01:24:54] [error] ( javajni.c:863 ) [ 5816] FindClass org/apache/catalina/startup/Bootstrap failed
[2015-08-21 01:24:54] [debug] ( javajni.c:964 ) [ 5816] Java Worker thread finished org/apache/catalina/startup/Bootstrap:main with status=3
[2015-08-21 01:24:54] [error] ( prunsrv.c:1183) [12800] Failed to start Java
[2015-08-21 01:24:54] [error] ( prunsrv.c:1536) [12800] ServiceStart returned 4
[2015-08-21 01:24:54] [debug] ( prunsrv.c:844 ) [12800] reportServiceStatusE: 1, 1066, 0, 4
[2015-08-21 01:24:54] [info]  ( prunsrv.c:1598) [ 4516] Run service finished.
[2015-08-21 01:24:54] [info]  ( prunsrv.c:1764) [ 4516] Commons Daemon procrun finished
[2015-08-21 01:26:03] [info]  [ 3328] Commons Daemon procrun (1.0.15.0 32-bit) started
[2015-08-21 01:26:03] [info]  [ 3328] Service Tomcat7 name Apache Tomcat Tomcat7
[2015-08-21 01:26:03] [info]  [ 3328] Service 'Tomcat7' installed
[2015-08-21 01:26:03] [info]  [ 3328] Commons Daemon procrun finished
[2015-08-21 01:26:03] [info]  [ 7364] Commons Daemon procrun (1.0.15.0 32-bit) started
[2015-08-21 01:26:03] [info]  [ 7364] Updating service...
[2015-08-21 01:26:03] [info]  [ 7364] Service 'Tomcat7' updated
[2015-08-21 01:26:03] [info]  [ 7364] Update service finished.
[2015-08-21 01:26:03] [info]  [ 7364] Commons Daemon procrun finished
[2015-08-21 01:26:03] [info]  [ 5176] Commons Daemon procrun (1.0.15.0 32-bit) started
[2015-08-21 01:26:03] [info]  [ 5176] Updating service...
[2015-08-21 01:26:04] [info]  [ 5176] Service 'Tomcat7' updated
[2015-08-21 01:26:04] [info]  [ 5176] Update service finished.
[2015-08-21 01:26:04] [info]  [ 5176] Commons Daemon procrun finished
[2015-08-21 01:26:23] [info]  [11352] Commons Daemon procrun (1.0.15.0 32-bit) started
[2015-08-21 01:26:23] [info]  [11352] Running 'Tomcat7' Service...
[2015-08-21 01:26:23] [info]  [ 9684] Starting service...
[2015-08-21 01:26:24] [info]  [ 9684] Service started in 1150 ms.
[2015-08-21 01:27:01] [info]  [10112] Stopping service...
[2015-08-21 01:27:02] [info]  [10112] Service stop thread completed.
[2015-08-21 01:28:02] [info]  [11352] Run service finished.
[2015-08-21 01:28:03] [info]  [11352] Commons Daemon procrun finished
[2015-08-21 01:36:51] [info]  [ 9464] Commons Daemon procrun (1.0.15.0 32-bit) started
[2015-08-21 01:36:51] [info]  [ 9464] Running 'Tomcat7' Service...
[2015-08-21 01:36:51] [info]  [ 8820] Starting service...
[2015-08-21 01:36:52] [info]  [ 8820] Service started in 1131 ms.
[2015-08-21 01:37:32] [info]  [ 5144] Stopping service...
[2015-08-21 01:37:33] [info]  [ 5144] Service stop thread completed.
[2015-08-21 01:37:34] [info]  [ 9464] Run service finished.
[2015-08-21 01:37:34] [info]  [ 9464] Commons Daemon procrun finished
[2015-08-21 01:37:47] [info]  [13336] Commons Daemon procrun (1.0.15.0 32-bit) started
[2015-08-21 01:37:47] [info]  [13336] Running 'Tomcat7' Service...
[2015-08-21 01:37:47] [info]  [ 6168] Starting service...
[2015-08-21 01:37:48] [info]  [ 6168] Service started in 1125 ms.
[2015-08-21 01:38:48] [info]  [11732] Stopping service...
[2015-08-21 01:38:50] [info]  [11732] Service stop thread completed.
[2015-08-21 01:38:50] [info]  [13336] Run service finished.
[2015-08-21 01:38:50] [info]  [13336] Commons Daemon procrun finished
[2015-08-21 01:39:09] [info]  [14048] Commons Daemon procrun (1.0.15.0 32-bit) started
[2015-08-21 01:39:09] [info]  [14048] Running 'Tomcat7' Service...
[2015-08-21 01:39:09] [info]  [12884] Starting service...
[2015-08-21 01:39:10] [info]  [12884] Service started in 1131 ms.
[2015-08-21 01:40:00] [info]  [ 7024] Stopping service...
[2015-08-21 01:40:02] [info]  [ 7024] Service stop thread completed.
[2015-08-21 01:40:02] [info]  [14048] Run service finished.
[2015-08-21 01:40:02] [info]  [14048] Commons Daemon procrun finished
[2015-08-21 01:40:25] [info]  [ 9036] Commons Daemon procrun (1.0.15.0 32-bit) started
[2015-08-21 01:40:25] [info]  [ 9036] Running 'Tomcat7' Service...
[2015-08-21 01:40:25] [info]  [ 5368] Starting service...
[2015-08-21 01:40:26] [info]  [ 5368] Service started in 1130 ms.
[2015-08-21 01:42:57] [info]  [ 6140] Stopping service...
[2015-08-21 01:42:58] [info]  [ 6140] Service stop thread completed.
[2015-08-21 01:42:58] [info]  [ 9036] Run service finished.
[2015-08-21 01:42:58] [info]  [ 9036] Commons Daemon procrun finished
[2015-08-21 01:43:19] [info]  [ 7576] Commons Daemon procrun (1.0.15.0 32-bit) started
[2015-08-21 01:43:19] [info]  [ 7576] Running 'Tomcat7' Service...
[2015-08-21 01:43:19] [info]  [ 9708] Starting service...
[2015-08-21 01:43:20] [info]  [ 9708] Service started in 1135 ms.
[2015-08-21 01:44:40] [info]  [ 1992] Stopping service...
[2015-08-21 01:44:41] [info]  [ 1992] Service stop thread completed.
[2015-08-21 01:44:41] [info]  [ 7576] Run service finished.
[2015-08-21 01:44:41] [info]  [ 7576] Commons Daemon procrun finished
[2015-08-21 01:45:00] [info]  [ 7284] Commons Daemon procrun (1.0.15.0 32-bit) started
[2015-08-21 01:45:00] [info]  [ 7284] Running 'Tomcat7' Service...
[2015-08-21 01:45:00] [info]  [ 8216] Starting service...
[2015-08-21 01:45:02] [info]  [ 8216] Service started in 1127 ms.
[2015-08-21 01:45:37] [info]  [ 8172] Stopping service...
[2015-08-21 01:45:38] [info]  [ 8172] Service stop thread completed.
[2015-08-21 01:45:39] [info]  [ 7284] Run service finished.
[2015-08-21 01:45:39] [info]  [ 7284] Commons Daemon procrun finished
[2015-08-21 01:45:50] [info]  [ 9724] Commons Daemon procrun (1.0.15.0 32-bit) started
[2015-08-21 01:45:50] [info]  [ 9724] Running 'Tomcat7' Service...
[2015-08-21 01:45:50] [info]  [11904] Starting service...
[2015-08-21 01:45:51] [info]  [11904] Service started in 1126 ms.
[2015-08-21 02:37:17] [info]  [ 9072] Stopping service...
[2015-08-21 02:37:18] [info]  [ 9072] Service stop thread completed.
[2015-08-21 02:37:19] [info]  [ 9724] Run service finished.
[2015-08-21 02:37:19] [info]  [ 9724] Commons Daemon procrun finished
[2015-08-21 02:40:57] [info]  [ 3308] Commons Daemon procrun (1.0.15.0 32-bit) started
[2015-08-21 02:40:58] [info]  [ 3308] Running 'Tomcat7' Service...
[2015-08-21 02:40:58] [info]  [ 6140] Starting service...
[2015-08-21 02:40:59] [info]  [ 6140] Service started in 1129 ms.
[2015-08-21 02:47:32] [info]  [13256] Stopping service...
[2015-08-21 02:47:33] [info]  [13256] Service stop thread completed.
[2015-08-21 02:47:33] [info]  [ 3308] Run service finished.
[2015-08-21 02:47:33] [info]  [ 3308] Commons Daemon procrun finished
[2015-08-21 02:48:13] [info]  [10840] Commons Daemon procrun (1.0.15.0 32-bit) started
[2015-08-21 02:48:13] [info]  [10840] Running 'Tomcat7' Service...
[2015-08-21 02:48:13] [info]  [ 7788] Starting service...
[2015-08-21 02:48:14] [info]  [ 7788] Service started in 1136 ms.
[2015-08-21 02:56:28] [info]  [11928] Stopping service...
[2015-08-21 02:56:30] [info]  [11928] Service stop thread completed.
[2015-08-21 02:56:30] [info]  [10840] Run service finished.
[2015-08-21 02:56:30] [info]  [10840] Commons Daemon procrun finished
[2015-08-21 02:56:48] [info]  [12068] Commons Daemon procrun (1.0.15.0 32-bit) started
[2015-08-21 02:56:48] [info]  [12068] Running 'Tomcat7' Service...
[2015-08-21 02:56:48] [info]  [ 8428] Starting service...
[2015-08-21 02:56:49] [info]  [ 8428] Service started in 1188 ms.
[2015-08-21 03:00:31] [info]  [ 7224] Stopping service...
[2015-08-21 03:00:32] [info]  [ 7224] Service stop thread completed.
[2015-08-21 03:00:32] [info]  [12068] Run service finished.
[2015-08-21 03:00:32] [info]  [12068] Commons Daemon procrun finished
[2015-08-21 09:00:27] [info]  [11424] Commons Daemon procrun (1.0.15.0 32-bit) started
[2015-08-21 09:00:27] [info]  [11424] Running 'Tomcat7' Service...
[2015-08-21 09:00:27] [info]  [ 1344] Starting service...
[2015-08-21 09:00:28] [info]  [ 1344] Service started in 1470 ms.
[2015-08-21 10:40:50] [info]  [13904] Stopping service...
[2015-08-21 10:40:51] [info]  [13904] Service stop thread completed.
[2015-08-21 10:40:52] [info]  [11424] Run service finished.
[2015-08-21 10:40:52] [info]  [11424] Commons Daemon procrun finished
[2015-08-21 10:41:13] [info]  [12780] Commons Daemon procrun (1.0.15.0 32-bit) started
[2015-08-21 10:41:13] [info]  [12780] Running 'Tomcat7' Service...
[2015-08-21 10:41:13] [info]  [ 7060] Starting service...
[2015-08-21 10:41:14] [info]  [ 7060] Service started in 1633 ms.
[2015-08-21 10:45:19] [info]  [11052] Stopping service...
[2015-08-21 10:45:20] [info]  [11052] Service stop thread completed.
[2015-08-21 10:45:20] [info]  [12780] Run service finished.
[2015-08-21 10:45:20] [info]  [12780] Commons Daemon procrun finished
[2015-08-21 10:46:35] [info]  [ 8812] Commons Daemon procrun (1.0.15.0 32-bit) started
[2015-08-21 10:46:35] [info]  [ 8812] Running 'Tomcat7' Service...
[2015-08-21 10:46:35] [info]  [ 8876] Starting service...
[2015-08-21 10:46:36] [info]  [ 8876] Service started in 1165 ms.
[2015-08-21 10:47:05] [info]  [ 7952] Stopping service...
[2015-08-21 10:47:06] [info]  [ 7952] Service stop thread completed.
[2015-08-21 10:47:06] [info]  [ 8812] Run service finished.
[2015-08-21 10:47:06] [info]  [ 8812] Commons Daemon procrun finished
[2015-08-21 10:51:02] [info]  [11212] Commons Daemon procrun (1.0.15.0 32-bit) started
[2015-08-21 10:51:03] [info]  [11212] Running 'Tomcat7' Service...
[2015-08-21 10:51:03] [info]  [ 7816] Starting service...
[2015-08-21 10:51:04] [info]  [ 7816] Service started in 1187 ms.
[2015-08-21 10:51:23] [info]  [13608] Stopping service...
[2015-08-21 10:51:26] [info]  [13608] Service stop thread completed.
[2015-08-21 10:51:26] [info]  [11212] Run service finished.
[2015-08-21 10:51:26] [info]  [11212] Commons Daemon procrun finished
