八月 21, 2015 1:45:30 上午 org.apache.catalina.core.ApplicationContext log
資訊: HTMLManager: init: Associated with Deployer 'Catalina:type=Deployer,host=localhost'
八月 21, 2015 1:45:30 上午 org.apache.catalina.core.ApplicationContext log
資訊: HTMLManager: init: Global resources are available
八月 21, 2015 1:45:30 上午 org.apache.catalina.core.ApplicationContext log
資訊: HTMLManager: list: Listing contexts for virtual host 'localhost'
八月 21, 2015 1:46:12 上午 org.apache.catalina.core.ApplicationContext log
資訊: HTMLManager: init: Associated with Deployer 'Catalina:type=Deployer,host=localhost'
八月 21, 2015 1:46:12 上午 org.apache.catalina.core.ApplicationContext log
資訊: HTMLManager: init: Global resources are available
八月 21, 2015 1:46:12 上午 org.apache.catalina.core.ApplicationContext log
資訊: HTMLManager: list: Listing contexts for virtual host 'localhost'
八月 21, 2015 2:20:22 上午 org.apache.catalina.core.ApplicationContext log
資訊: HTMLManager: list: Listing contexts for virtual host 'localhost'
八月 21, 2015 2:49:12 上午 org.apache.catalina.core.ApplicationContext log
資訊: Manager: init: Associated with Deployer 'Catalina:type=Deployer,host=localhost'
八月 21, 2015 2:49:12 上午 org.apache.catalina.core.ApplicationContext log
資訊: Manager: init: Global resources are available
八月 21, 2015 2:49:12 上午 org.apache.catalina.core.ApplicationContext log
資訊: Manager: deploy: Deploying web application '/CSPSWeb'
八月 21, 2015 2:49:12 上午 org.apache.catalina.core.ApplicationContext log
資訊: Manager: Uploading WAR file to E:\Tomcat7\webapps\CSPSWeb.war
八月 21, 2015 2:51:21 上午 org.apache.catalina.core.ApplicationContext log
資訊: HTMLManager: init: Associated with Deployer 'Catalina:type=Deployer,host=localhost'
八月 21, 2015 2:51:21 上午 org.apache.catalina.core.ApplicationContext log
資訊: HTMLManager: init: Global resources are available
八月 21, 2015 2:51:21 上午 org.apache.catalina.core.ApplicationContext log
資訊: HTMLManager: list: Listing contexts for virtual host 'localhost'
八月 21, 2015 9:02:00 上午 org.apache.catalina.core.ApplicationContext log
資訊: HTMLManager: init: Associated with Deployer 'Catalina:type=Deployer,host=localhost'
八月 21, 2015 9:02:00 上午 org.apache.catalina.core.ApplicationContext log
資訊: HTMLManager: init: Global resources are available
八月 21, 2015 9:02:00 上午 org.apache.catalina.core.ApplicationContext log
資訊: HTMLManager: list: Listing contexts for virtual host 'localhost'
八月 21, 2015 9:02:21 上午 org.apache.catalina.core.ApplicationContext log
資訊: Manager: init: Associated with Deployer 'Catalina:type=Deployer,host=localhost'
八月 21, 2015 9:02:21 上午 org.apache.catalina.core.ApplicationContext log
資訊: Manager: init: Global resources are available
八月 21, 2015 9:02:21 上午 org.apache.catalina.core.ApplicationContext log
資訊: Manager: undeploy: Undeploying web application at '/CSPSWeb'
八月 21, 2015 9:02:30 上午 org.apache.catalina.core.ApplicationContext log
資訊: HTMLManager: list: Listing contexts for virtual host 'localhost'
八月 21, 2015 9:02:31 上午 org.apache.catalina.core.ApplicationContext log
資訊: HTMLManager: list: Listing contexts for virtual host 'localhost'
八月 21, 2015 9:02:45 上午 org.apache.catalina.core.ApplicationContext log
資訊: Manager: undeploy: Undeploying web application at '/CSPSWeb'
八月 21, 2015 9:03:28 上午 org.apache.catalina.core.ApplicationContext log
資訊: Manager: undeploy: Undeploying web application at '/CSPSWeb'
八月 21, 2015 9:05:33 上午 org.apache.catalina.core.ApplicationContext log
資訊: Manager: deploy: Deploying web application '/CSPSWeb'
八月 21, 2015 9:05:33 上午 org.apache.catalina.core.ApplicationContext log
資訊: Manager: Uploading WAR file to E:\Tomcat7\webapps\CSPSWeb.war
八月 21, 2015 10:00:18 上午 org.apache.catalina.core.ApplicationContext log
資訊: Manager: undeploy: Undeploying web application at '/CSPSWeb'
八月 21, 2015 10:00:46 上午 org.apache.catalina.core.ApplicationContext log
資訊: HTMLManager: list: Listing contexts for virtual host 'localhost'
八月 21, 2015 10:00:47 上午 org.apache.catalina.core.ApplicationContext log
資訊: HTMLManager: list: Listing contexts for virtual host 'localhost'
八月 21, 2015 10:00:48 上午 org.apache.catalina.core.ApplicationContext log
資訊: HTMLManager: list: Listing contexts for virtual host 'localhost'
八月 21, 2015 10:00:48 上午 org.apache.catalina.core.ApplicationContext log
資訊: HTMLManager: list: Listing contexts for virtual host 'localhost'
八月 21, 2015 10:00:49 上午 org.apache.catalina.core.ApplicationContext log
資訊: HTMLManager: list: Listing contexts for virtual host 'localhost'
八月 21, 2015 10:00:49 上午 org.apache.catalina.core.ApplicationContext log
資訊: HTMLManager: list: Listing contexts for virtual host 'localhost'
八月 21, 2015 10:00:49 上午 org.apache.catalina.core.ApplicationContext log
資訊: HTMLManager: list: Listing contexts for virtual host 'localhost'
八月 21, 2015 10:00:49 上午 org.apache.catalina.core.ApplicationContext log
資訊: HTMLManager: list: Listing contexts for virtual host 'localhost'
八月 21, 2015 10:00:49 上午 org.apache.catalina.core.ApplicationContext log
資訊: HTMLManager: list: Listing contexts for virtual host 'localhost'
八月 21, 2015 10:00:49 上午 org.apache.catalina.core.ApplicationContext log
資訊: HTMLManager: list: Listing contexts for virtual host 'localhost'
八月 21, 2015 10:00:49 上午 org.apache.catalina.core.ApplicationContext log
資訊: HTMLManager: list: Listing contexts for virtual host 'localhost'
八月 21, 2015 10:00:50 上午 org.apache.catalina.core.ApplicationContext log
資訊: HTMLManager: list: Listing contexts for virtual host 'localhost'
八月 21, 2015 10:00:50 上午 org.apache.catalina.core.ApplicationContext log
資訊: HTMLManager: list: Listing contexts for virtual host 'localhost'
八月 21, 2015 10:00:50 上午 org.apache.catalina.core.ApplicationContext log
資訊: HTMLManager: list: Listing contexts for virtual host 'localhost'
八月 21, 2015 10:00:50 上午 org.apache.catalina.core.ApplicationContext log
資訊: HTMLManager: list: Listing contexts for virtual host 'localhost'
八月 21, 2015 10:00:50 上午 org.apache.catalina.core.ApplicationContext log
資訊: HTMLManager: list: Listing contexts for virtual host 'localhost'
八月 21, 2015 10:00:50 上午 org.apache.catalina.core.ApplicationContext log
資訊: HTMLManager: list: Listing contexts for virtual host 'localhost'
八月 21, 2015 10:00:51 上午 org.apache.catalina.core.ApplicationContext log
資訊: HTMLManager: list: Listing contexts for virtual host 'localhost'
八月 21, 2015 10:00:51 上午 org.apache.catalina.core.ApplicationContext log
資訊: HTMLManager: list: Listing contexts for virtual host 'localhost'
八月 21, 2015 10:00:51 上午 org.apache.catalina.core.ApplicationContext log
資訊: HTMLManager: list: Listing contexts for virtual host 'localhost'
八月 21, 2015 10:00:51 上午 org.apache.catalina.core.ApplicationContext log
資訊: HTMLManager: list: Listing contexts for virtual host 'localhost'
八月 21, 2015 10:00:51 上午 org.apache.catalina.core.ApplicationContext log
資訊: HTMLManager: list: Listing contexts for virtual host 'localhost'
八月 21, 2015 10:00:51 上午 org.apache.catalina.core.ApplicationContext log
資訊: HTMLManager: list: Listing contexts for virtual host 'localhost'
八月 21, 2015 10:00:52 上午 org.apache.catalina.core.ApplicationContext log
資訊: HTMLManager: list: Listing contexts for virtual host 'localhost'
八月 21, 2015 10:00:52 上午 org.apache.catalina.core.ApplicationContext log
資訊: HTMLManager: list: Listing contexts for virtual host 'localhost'
八月 21, 2015 10:00:52 上午 org.apache.catalina.core.ApplicationContext log
資訊: HTMLManager: list: Listing contexts for virtual host 'localhost'
八月 21, 2015 10:00:53 上午 org.apache.catalina.core.ApplicationContext log
資訊: HTMLManager: list: Listing contexts for virtual host 'localhost'
八月 21, 2015 10:00:53 上午 org.apache.catalina.core.ApplicationContext log
資訊: HTMLManager: list: Listing contexts for virtual host 'localhost'
八月 21, 2015 10:01:26 上午 org.apache.catalina.core.ApplicationContext log
資訊: Manager: undeploy: Undeploying web application at '/CSPSWeb'
八月 21, 2015 10:02:05 上午 org.apache.catalina.core.ApplicationContext log
資訊: Manager: undeploy: Undeploying web application at '/CSPSWeb'
八月 21, 2015 10:02:06 上午 org.apache.catalina.core.ApplicationContext log
資訊: Manager: restart: Reloading web application '/CSPSWeb'
八月 21, 2015 10:03:26 上午 org.apache.catalina.core.ApplicationContext log
資訊: Manager: undeploy: Undeploying web application at '/CSPSWeb'
八月 21, 2015 10:03:27 上午 org.apache.catalina.core.ApplicationContext log
資訊: Manager: restart: Reloading web application '/CSPSWeb'
八月 21, 2015 10:04:03 上午 org.apache.catalina.core.ApplicationContext log
資訊: Manager: undeploy: Undeploying web application at '/CSPSWeb'
八月 21, 2015 10:04:04 上午 org.apache.catalina.core.ApplicationContext log
資訊: Manager: deploy: Deploying web application '/CSPSWeb'
八月 21, 2015 10:04:04 上午 org.apache.catalina.core.ApplicationContext log
資訊: Manager: Uploading WAR file to E:\Tomcat7\webapps\CSPSWeb.war
八月 21, 2015 10:09:13 上午 org.apache.catalina.core.ApplicationContext log
資訊: Manager: restart: Reloading web application '/CSPSWeb'
八月 21, 2015 10:09:24 上午 org.apache.catalina.core.ApplicationContext log
資訊: HTMLManager: list: Listing contexts for virtual host 'localhost'
八月 21, 2015 10:09:25 上午 org.apache.catalina.core.ApplicationContext log
資訊: HTMLManager: list: Listing contexts for virtual host 'localhost'
八月 21, 2015 10:09:28 上午 org.apache.catalina.core.ApplicationContext log
資訊: HTMLManager: list: Listing contexts for virtual host 'localhost'
八月 21, 2015 10:15:34 上午 org.apache.catalina.core.ApplicationContext log
資訊: HTMLManager: list: Listing contexts for virtual host 'localhost'
八月 21, 2015 10:27:45 上午 org.apache.catalina.core.ApplicationContext log
資訊: Manager: undeploy: Undeploying web application at '/CSPSWeb'
八月 21, 2015 10:27:49 上午 org.apache.catalina.core.ApplicationContext log
資訊: Manager: deploy: Deploying web application '/CSPSWeb'
八月 21, 2015 10:27:49 上午 org.apache.catalina.core.ApplicationContext log
資訊: Manager: Uploading WAR file to E:\Tomcat7\webapps\CSPSWeb.war
八月 21, 2015 10:34:23 上午 org.apache.catalina.core.ApplicationContext log
資訊: Manager: undeploy: Undeploying web application at '/CSPSWeb'
八月 21, 2015 10:34:27 上午 org.apache.catalina.core.ApplicationContext log
資訊: Manager: deploy: Deploying web application '/CSPSWeb'
八月 21, 2015 10:34:27 上午 org.apache.catalina.core.ApplicationContext log
資訊: Manager: Uploading WAR file to E:\Tomcat7\webapps\CSPSWeb.war
八月 21, 2015 10:42:22 上午 org.apache.catalina.core.ApplicationContext log
資訊: Manager: init: Associated with Deployer 'Catalina:type=Deployer,host=localhost'
八月 21, 2015 10:42:22 上午 org.apache.catalina.core.ApplicationContext log
資訊: Manager: init: Global resources are available
八月 21, 2015 10:42:22 上午 org.apache.catalina.core.ApplicationContext log
資訊: Manager: undeploy: Undeploying web application at '/CSPSWeb'
八月 21, 2015 10:42:25 上午 org.apache.catalina.core.ApplicationContext log
資訊: Manager: deploy: Deploying web application '/CSPSWeb'
八月 21, 2015 10:42:25 上午 org.apache.catalina.core.ApplicationContext log
資訊: Manager: Uploading WAR file to E:\Tomcat7\webapps\CSPSWeb.war
