
2015-08-21 01:26:23 Commons Daemon procrun stdout initialized
********* VteamLogger.makedir begin...
begin set System Log Property!
end get Log Property,LOG_ROOT=D:/ibtleasing/log/
Begin Create Log Sub Directory...
Create busslog Directory Success!
Create dailylog Directory Success!
Create framelog Directory Success!
Create UserAction Directory Success!
End Create Log Sub Directory...
Create bop Directory Success!
********* VteamLogger.makedir end...
[Error] JobProcess ?划任?登??生异常！?划?可能不?按期?行

2015-08-21 01:36:51 Commons Daemon procrun stdout initialized

2015-08-21 01:37:47 Commons Daemon procrun stdout initialized

2015-08-21 01:39:09 Commons Daemon procrun stdout initialized

2015-08-21 01:40:25 Commons Daemon procrun stdout initialized

2015-08-21 01:43:19 Commons Daemon procrun stdout initialized

2015-08-21 01:45:00 Commons Daemon procrun stdout initialized

2015-08-21 01:45:50 Commons Daemon procrun stdout initialized

2015-08-21 02:40:58 Commons Daemon procrun stdout initialized

2015-08-21 02:48:13 Commons Daemon procrun stdout initialized
set System Log Property!
get Log Property,LOG_ROOT=/usr/CSPS/SKBTemp/log/
----------CSPS.
----------sql = select * from CSPS.FIPASYSM

2015-08-21 02:56:48 Commons Daemon procrun stdout initialized
set System Log Property!
get Log Property,LOG_ROOT=/usr/CSPS/SKBTemp/log/
----------CSPS.
----------sql = select * from CSPS.FIPASYSM

2015-08-21 09:00:27 Commons Daemon procrun stdout initialized
set System Log Property!
get Log Property,LOG_ROOT=/usr/CSPS/SKBTemp/log/
----------CSPS.
----------sql = select * from CSPS.FIPASYSM
set System Log Property!
get Log Property,LOG_ROOT=/usr/CSPS/SKBTemp/log/
set System Log Property!
get Log Property,LOG_ROOT=/usr/CSPS/SKBTemp/log/
set System Log Property!
get Log Property,LOG_ROOT=/usr/CSPS/SKBTemp/log/
set System Log Property!
get Log Property,LOG_ROOT=/usr/CSPS/SKBTemp/log/
set System Log Property!
get Log Property,LOG_ROOT=/usr/CSPS/SKBTemp/log/

2015-08-21 10:41:13 Commons Daemon procrun stdout initialized
set System Log Property!
get Log Property,LOG_ROOT=/usr/CSPS/SKBTemp/log/
set System Log Property!
get Log Property,LOG_ROOT=/usr/CSPS/SKBTemp/log/

2015-08-21 10:46:35 Commons Daemon procrun stdout initialized
set System Log Property!
get Log Property,LOG_ROOT=/usr/CSPS/SKBTemp/log/

2015-08-21 10:51:03 Commons Daemon procrun stdout initialized
set System Log Property!
get Log Property,LOG_ROOT=/usr/CSPS/SKBTemp/log/
